<?xml version="1.0" encoding="UTF-8"?>
<testng-results ignored="0" total="1" passed="1" failed="0" skipped="0">
  <reporter-output>
  </reporter-output>
  <suite started-at="2024-06-03T19:04:32 IST" name="Suite" finished-at="2024-06-03T19:06:28 IST" duration-ms="116522">
    <groups>
    </groups>
    <test started-at="2024-06-03T19:04:32 IST" name="Test" finished-at="2024-06-03T19:06:28 IST" duration-ms="116522">
      <class name="org.thanuj.Ecommerce_TC_4">
        <test-method is-config="true" signature="ConfigureAppium()[pri:0, instance:org.thanuj.Ecommerce_TC_4@505fc5a4]" started-at="2024-06-03T19:04:32 IST" name="ConfigureAppium" finished-at="2024-06-03T19:05:37 IST" duration-ms="64623" status="PASS">
          <reporter-output>
          </reporter-output>
        </test-method> <!-- ConfigureAppium -->
        <test-method signature="FillForm(java.util.HashMap)[pri:0, instance:org.thanuj.Ecommerce_TC_4@505fc5a4]" started-at="2024-06-03T19:05:37 IST" name="FillForm" data-provider="getData" finished-at="2024-06-03T19:06:23 IST" duration-ms="46091" status="PASS">
          <params>
            <param index="0">
              <value>
                <![CDATA[{gender=female, name=Ria, country=Argentina}]]>
              </value>
            </param>
          </params>
          <reporter-output>
          </reporter-output>
        </test-method> <!-- FillForm -->
        <test-method is-config="true" signature="tearDown()[pri:0, instance:org.thanuj.Ecommerce_TC_4@505fc5a4]" started-at="2024-06-03T19:06:23 IST" name="tearDown" finished-at="2024-06-03T19:06:28 IST" duration-ms="5049" status="PASS">
          <reporter-output>
          </reporter-output>
        </test-method> <!-- tearDown -->
      </class> <!-- org.thanuj.Ecommerce_TC_4 -->
    </test> <!-- Test -->
  </suite> <!-- Suite -->
</testng-results>
