<?xml version="1.0" encoding="UTF-8"?>
<testsuite xmlns:xsi="http://www.w3.org/2001/XMLSchema-instance" xsi:noNamespaceSchemaLocation="https://maven.apache.org/surefire/maven-surefire-plugin/xsd/surefire-test-report-3.0.xsd" version="3.0" name="TestSuite" time="121.383" tests="1" errors="0" skipped="0" failures="0">
  <properties>
[...]
</properties>
  <testcase name="FillForm[{gender=female, name=Ria, country=Argentina}](1)" classname="org.thanuj.Ecommerce_TC_4" time="46.132">
    <system-out><![CDATA[null
&amp#27;[35m[Appium]&amp#27;[39m Welcome to Appium v2.5.4
&amp#27;[35m[Appium]&amp#27;[39m The autodetected Appium home path: C:\Users\thanu\.appium
&amp#27;[35m[Appium]&amp#27;[39m Attempting to load driver xcuitest...
&amp#27;[35m[Appium]&amp#27;[39m Attempting to load driver uiautomator2...
&amp#27;[35m[Appium]&amp#27;[39m Requiring driver at C:\Users\thanu\.appium\node_modules\appium-xcuitest-driver\build\index.js
&amp#27;[35m[Appium]&amp#27;[39m Requiring driver at C:\Users\thanu\.appium\node_modules\appium-uiautomator2-driver\build\index.js
&amp#27;[35m[Appium]&amp#27;[39m XCUITestDriver has been successfully loaded in 7.634s
&amp#27;[35m[Appium]&amp#27;[39m AndroidUiautomator2Driver has been successfully loaded in 7.633s
&amp#27;[35m[Appium]&amp#27;[39m Appium REST http interface listener started on http://0.0.0.0:4723
&amp#27;[35m[Appium]&amp#27;[39m You can provide the following URLs in your client code to connect to this server:
&amp#27;[35m[Appium]&amp#27;[39m 	http://192.168.0.113:4723/
&amp#27;[35m[Appium]&amp#27;[39m 	http://127.0.0.1:4723/ (only accessible from the same host)
&amp#27;[35m[Appium]&amp#27;[39m Available drivers:
&amp#27;[35m[Appium]&amp#27;[39m   - xcuitest@7.16.2 (automationName 'XCUITest')
&amp#27;[35m[Appium]&amp#27;[39m   - uiautomator2@3.5.2 (automationName 'UiAutomator2')
&amp#27;[35m[Appium]&amp#27;[39m No plugins have been installed. Use the "appium plugin" command to install the one(s) you want to use.
&amp#27;[38;5;0m[HTTP]&amp#27;[0m &amp#27;[37m-->&amp#27;[39m &amp#27;[37mGET&amp#27;[39m &amp#27;[37m/status&amp#27;[39m
&amp#27;[38;5;0m[HTTP]&amp#27;[0m &amp#27;[90m{}&amp#27;[39m
&amp#27;[38;5;16m[AppiumDriver@02c0]&amp#27;[0m Calling AppiumDriver.getStatus() with args: []
&amp#27;[38;5;16m[AppiumDriver@02c0]&amp#27;[0m Responding to client with driver.getStatus() result: {"ready":true,"message":"The server is ready to accept new connections","build":{"version":"2.5.4"}}
&amp#27;[38;5;0m[HTTP]&amp#27;[0m &amp#27;[37m<-- GET /status &amp#27;[39m&amp#27;[32m200&amp#27;[39m &amp#27;[90m14 ms - 110&amp#27;[39m
&amp#27;[38;5;0m[HTTP]&amp#27;[0m &amp#27;[90m&amp#27;[39m
&amp#27;[38;5;0m[HTTP]&amp#27;[0m Request idempotency key: acf84788-7626-482f-91c6-88bf1b322edb
&amp#27;[38;5;0m[HTTP]&amp#27;[0m &amp#27;[37m-->&amp#27;[39m &amp#27;[37mPOST&amp#27;[39m &amp#27;[37m/session&amp#27;[39m
&amp#27;[38;5;0m[HTTP]&amp#27;[0m &amp#27;[90m{"capabilities":{"firstMatch":[{}],"alwaysMatch":{"platformName":"ANDROID","appium:app":"C://Users//thanu//OneDrive//Desktop//Eclipse-workspace//AppiumThanuj//src//test//java//app//resource//General-Store.apk","appium:deviceName":"Pixel 4","appium:automationName":"UIAutomator2","appium:chromedriverExecutable":"C://Users//thanu//Downloads//chromedriver_win32//chromedriver.exe"}}}&amp#27;[39m
&amp#27;[38;5;16m[AppiumDriver@02c0]&amp#27;[0m Calling AppiumDriver.createSession() with args: [null,null,{"firstMatch":[{}],"alwaysMatch":{"platformName":"ANDROID","appium:app":"C://Users//thanu//OneDrive//Desktop//Eclipse-workspace//AppiumThanuj//src//test//java//app//resource//General-Store.apk","appium:deviceName":"Pixel 4","appium:automationName":"UIAutomator2","appium:chromedriverExecutable":"C://Users//thanu//Downloads//chromedriver_win32//chromedriver.exe"}}]
&amp#27;[38;5;16m[AppiumDriver@02c0]&amp#27;[0m Event 'newSessionRequested' logged at 1717421693062 (19:04:53 GMT+0530 (India Standard Time))
&amp#27;[35m[Appium]&amp#27;[39m Attempting to find matching driver for automationName 'UIAutomator2' and platformName 'ANDROID'
&amp#27;[35m[Appium]&amp#27;[39m The 'uiautomator2' driver was installed and matched caps.
&amp#27;[35m[Appium]&amp#27;[39m Will require it at C:\Users\thanu\.appium\node_modules\appium-uiautomator2-driver
&amp#27;[35m[Appium]&amp#27;[39m Requiring driver at C:\Users\thanu\.appium\node_modules\appium-uiautomator2-driver\build\index.js
&amp#27;[38;5;16m[AppiumDriver@02c0]&amp#27;[0m Appium v2.5.4 creating new AndroidUiautomator2Driver (v3.5.2) session
&amp#27;[38;5;16m[AppiumDriver@02c0]&amp#27;[0m Checking BaseDriver versions for Appium and AndroidUiautomator2Driver
&amp#27;[38;5;16m[AppiumDriver@02c0]&amp#27;[0m Appium's BaseDriver version is 9.6.0
&amp#27;[38;5;16m[AppiumDriver@02c0]&amp#27;[0m AndroidUiautomator2Driver's BaseDriver version is 9.6.0
&amp#27;[38;5;32m[AndroidUiautomator2Driver@09ca]&amp#27;[0m Creating session with W3C capabilities: {
&amp#27;[38;5;32m[AndroidUiautomator2Driver@09ca]&amp#27;[0m   "alwaysMatch": {
&amp#27;[38;5;32m[AndroidUiautomator2Driver@09ca]&amp#27;[0m     "platformName": "ANDROID",
&amp#27;[38;5;32m[AndroidUiautomator2Driver@09ca]&amp#27;[0m     "appium:app": "C://Users//thanu//OneDrive//Desktop//Eclipse-workspace//AppiumThanuj//src//test//java//app//resource//General-Store.apk",
&amp#27;[38;5;32m[AndroidUiautomator2Driver@09ca]&amp#27;[0m     "appium:deviceName": "Pixel 4",
&amp#27;[38;5;32m[AndroidUiautomator2Driver@09ca]&amp#27;[0m     "appium:automationName": "UIAutomator2",
&amp#27;[38;5;32m[AndroidUiautomator2Driver@09ca]&amp#27;[0m     "appium:chromedriverExecutable": "C://Users//thanu//Downloads//chromedriver_win32//chromedriver.exe"
&amp#27;[38;5;32m[AndroidUiautomator2Driver@09ca]&amp#27;[0m   },
&amp#27;[38;5;32m[AndroidUiautomator2Driver@09ca]&amp#27;[0m   "firstMatch": [
&amp#27;[38;5;32m[AndroidUiautomator2Driver@09ca]&amp#27;[0m     {}
&amp#27;[38;5;32m[AndroidUiautomator2Driver@09ca]&amp#27;[0m   ]
&amp#27;[38;5;32m[AndroidUiautomator2Driver@09ca]&amp#27;[0m }
&amp#27;[38;5;32m[AndroidUiautomator2Driver@09ca (4dc2423a)]&amp#27;[0m Session created with session id: 4dc2423a-f977-4a4c-ad30-4397f1d60259
&amp#27;[38;5;48m[ADB]&amp#27;[0m Found 1 'build-tools' folders under 'C:\Users\thanu\AppData\Local\Android\Sdk' (newest first):
&amp#27;[38;5;48m[ADB]&amp#27;[0m     C:\Users\thanu\AppData\Local\Android\Sdk\build-tools\34.0.0
&amp#27;[38;5;48m[ADB]&amp#27;[0m Using 'adb.exe' from 'C:\Users\thanu\AppData\Local\Android\Sdk\platform-tools\adb.exe'
&amp#27;[38;5;48m[ADB]&amp#27;[0m Running 'C:\Users\thanu\AppData\Local\Android\Sdk\platform-tools\adb.exe -P 5037 start-server'
&amp#27;[38;5;32m[AndroidUiautomator2Driver@09ca (4dc2423a)]&amp#27;[0m Retrieving device list
&amp#27;[38;5;48m[ADB]&amp#27;[0m Trying to find connected Android devices
&amp#27;[38;5;48m[ADB]&amp#27;[0m Getting connected devices
&amp#27;[38;5;48m[ADB]&amp#27;[0m Connected devices: [{"udid":"emulator-5554","state":"device"}]
&amp#27;[38;5;32m[AndroidUiautomator2Driver@09ca (4dc2423a)]&amp#27;[0m Using device: emulator-5554
&amp#27;[38;5;48m[ADB]&amp#27;[0m Using 'adb.exe' from 'C:\Users\thanu\AppData\Local\Android\Sdk\platform-tools\adb.exe'
&amp#27;[38;5;48m[ADB]&amp#27;[0m Running 'C:\Users\thanu\AppData\Local\Android\Sdk\platform-tools\adb.exe -P 5037 start-server'
&amp#27;[38;5;48m[ADB]&amp#27;[0m Setting device id to emulator-5554
&amp#27;[38;5;64m[BaseDriver]&amp#27;[0m Using local app 'C://Users//thanu//OneDrive//Desktop//Eclipse-workspace//AppiumThanuj//src//test//java//app//resource//General-Store.apk'
&amp#27;[38;5;32m[AndroidUiautomator2Driver@09ca (4dc2423a)]&amp#27;[0m Checking whether app is actually present
&amp#27;[38;5;48m[ADB]&amp#27;[0m Running 'C:\Users\thanu\AppData\Local\Android\Sdk\platform-tools\adb.exe -P 5037 -s emulator-5554 shell getprop ro.build.version.sdk'
&amp#27;[38;5;48m[ADB]&amp#27;[0m Current device property 'ro.build.version.sdk': 33
&amp#27;[38;5;48m[ADB]&amp#27;[0m Getting device platform version
&amp#27;[38;5;48m[ADB]&amp#27;[0m Running 'C:\Users\thanu\AppData\Local\Android\Sdk\platform-tools\adb.exe -P 5037 -s emulator-5554 shell getprop ro.build.version.release'
&amp#27;[38;5;48m[ADB]&amp#27;[0m Current device property 'ro.build.version.release': 13
&amp#27;[38;5;48m[ADB]&amp#27;[0m Device API level: 33
&amp#27;[38;5;32m[AndroidUiautomator2Driver@09ca (4dc2423a)]&amp#27;[0m Relaxing hidden api policy
&amp#27;[38;5;48m[ADB]&amp#27;[0m Running 'C:\Users\thanu\AppData\Local\Android\Sdk\platform-tools\adb.exe -P 5037 -s emulator-5554 shell 'settings put global hidden_api_policy_pre_p_apps 1;settings put global hidden_api_policy_p_apps 1;settings put global hidden_api_policy 1''
&amp#27;[38;5;32m[AndroidUiautomator2Driver@09ca (4dc2423a)]&amp#27;[0m Parsing package and activity from app manifest
&amp#27;[38;5;48m[ADB]&amp#27;[0m Running 'C:\Users\thanu\AppData\Local\Android\Sdk\platform-tools\adb.exe -P 5037 -s emulator-5554 wait-for-device'
&amp#27;[38;5;48m[ADB]&amp#27;[0m Running 'C:\Users\thanu\AppData\Local\Android\Sdk\platform-tools\adb.exe -P 5037 -s emulator-5554 shell echo ping'
&amp#27;[38;5;48m[ADB]&amp#27;[0m Package name: 'com.androidsample.generalstore'
&amp#27;[38;5;48m[ADB]&amp#27;[0m Main activity name: 'com.androidsample.generalstore.SplashActivity'
&amp#27;[38;5;32m[AndroidUiautomator2Driver@09ca (4dc2423a)]&amp#27;[0m Parsed package and activity are: com.androidsample.generalstore/com.androidsample.generalstore.SplashActivity
&amp#27;[38;5;32m[AndroidUiautomator2Driver@09ca (4dc2423a)]&amp#27;[0m Pushing settings apk to the device...
&amp#27;[38;5;48m[ADB]&amp#27;[0m Getting package info for 'io.appium.settings'
&amp#27;[38;5;48m[ADB]&amp#27;[0m Running 'C:\Users\thanu\AppData\Local\Android\Sdk\platform-tools\adb.exe -P 5037 -s emulator-5554 shell dumpsys package io.appium.settings'
&amp#27;[38;5;48m[ADB]&amp#27;[0m The version name of the installed 'io.appium.settings' is greater or equal to the application version name ('5.9.2' >= '5.9.2')
&amp#27;[38;5;48m[ADB]&amp#27;[0m There is no need to install/upgrade 'C:\Users\thanu\.appium\node_modules\appium-uiautomator2-driver\node_modules\io.appium.settings\apks\settings_apk-debug.apk'
&amp#27;[38;5;48m[ADB]&amp#27;[0m Running 'C:\Users\thanu\AppData\Local\Android\Sdk\platform-tools\adb.exe -P 5037 -s emulator-5554 shell dumpsys activity services io.appium.settings'
&amp#27;[38;5;48m[ADB]&amp#27;[0m Running 'C:\Users\thanu\AppData\Local\Android\Sdk\platform-tools\adb.exe -P 5037 -s emulator-5554 shell cmd notification allow_listener io.appium.settings/.NLService'
&amp#27;[38;5;48m[ADB]&amp#27;[0m Running 'C:\Users\thanu\AppData\Local\Android\Sdk\platform-tools\adb.exe -P 5037 -s emulator-5554 shell appops set io.appium.settings PROJECT_MEDIA allow'
&amp#27;[38;5;48m[ADB]&amp#27;[0m Running 'C:\Users\thanu\AppData\Local\Android\Sdk\platform-tools\adb.exe -P 5037 -s emulator-5554 shell dumpsys activity services io.appium.settings'
&amp#27;[38;5;80m[SettingsApp]&amp#27;[0m Starting Appium Settings app
&amp#27;[38;5;48m[ADB]&amp#27;[0m Running 'C:\Users\thanu\AppData\Local\Android\Sdk\platform-tools\adb.exe -P 5037 -s emulator-5554 shell am start -n io.appium.settings/.Settings -a android.intent.action.MAIN -c android.intent.category.LAUNCHER'
&amp#27;[38;5;48m[ADB]&amp#27;[0m Running 'C:\Users\thanu\AppData\Local\Android\Sdk\platform-tools\adb.exe -P 5037 -s emulator-5554 shell dumpsys activity services io.appium.settings'
&amp#27;[38;5;48m[ADB]&amp#27;[0m Running 'C:\Users\thanu\AppData\Local\Android\Sdk\platform-tools\adb.exe -P 5037 -s emulator-5554 shell dumpsys activity services io.appium.settings'
&amp#27;[38;5;48m[ADB]&amp#27;[0m Running 'C:\Users\thanu\AppData\Local\Android\Sdk\platform-tools\adb.exe -P 5037 -s emulator-5554 shell dumpsys activity services io.appium.settings'
&amp#27;[38;5;48m[ADB]&amp#27;[0m Running 'C:\Users\thanu\AppData\Local\Android\Sdk\platform-tools\adb.exe -P 5037 -s emulator-5554 shell dumpsys activity services io.appium.settings'
&amp#27;[38;5;48m[ADB]&amp#27;[0m Running 'C:\Users\thanu\AppData\Local\Android\Sdk\platform-tools\adb.exe -P 5037 -s emulator-5554 shell dumpsys activity services io.appium.settings'
&amp#27;[38;5;96m[Logcat]&amp#27;[0m Starting logs capture with command: C:\\Users\\thanu\\AppData\\Local\\Android\\Sdk\\platform-tools\\adb.exe -P 5037 -s emulator-5554 logcat -v threadtime
&amp#27;[38;5;32m[AndroidUiautomator2Driver@09ca (4dc2423a)]&amp#27;[0m Forwarding UiAutomator2 Server port 6790 to local port 8200
&amp#27;[38;5;48m[ADB]&amp#27;[0m Forwarding system: 8200 to device: 6790
&amp#27;[38;5;48m[ADB]&amp#27;[0m Running 'C:\Users\thanu\AppData\Local\Android\Sdk\platform-tools\adb.exe -P 5037 -s emulator-5554 forward tcp:8200 tcp:6790'
&amp#27;[38;5;48m[ADB]&amp#27;[0m Getting package info for 'io.appium.uiautomator2.server'
&amp#27;[38;5;48m[ADB]&amp#27;[0m Running 'C:\Users\thanu\AppData\Local\Android\Sdk\platform-tools\adb.exe -P 5037 -s emulator-5554 shell dumpsys package io.appium.uiautomator2.server'
&amp#27;[38;5;48m[ADB]&amp#27;[0m Getting install status for io.appium.uiautomator2.server.test
&amp#27;[38;5;48m[ADB]&amp#27;[0m Checking app cert for C://Users//thanu//OneDrive//Desktop//Eclipse-workspace//AppiumThanuj//src//test//java//app//resource//General-Store.apk
&amp#27;[38;5;48m[ADB]&amp#27;[0m Running 'C:\Users\thanu\AppData\Local\Android\Sdk\platform-tools\adb.exe -P 5037 -s emulator-5554 shell cmd package list packages'
&amp#27;[38;5;48m[ADB]&amp#27;[0m Using 'apksigner.jar' from 'C:\Users\thanu\AppData\Local\Android\Sdk\build-tools\34.0.0\lib\apksigner.jar'
&amp#27;[38;5;48m[ADB]&amp#27;[0m Starting apksigner: 'C:\\Program Files\\Eclipse Adoptium\\jdk-21.0.3.9-hotspot\\bin\\java.exe' -Xmx1024M -Xss1m -jar C:\\Users\\thanu\\AppData\\Local\\Android\\Sdk\\build-tools\\34.0.0\\lib\\apksigner.jar verify --print-certs C\://Users//thanu//OneDrive//Desktop//Eclipse-workspace//AppiumThanuj//src//test//java//app//resource//General-Store.apk
&amp#27;[38;5;48m[ADB]&amp#27;[0m 'io.appium.uiautomator2.server.test' is installed
&amp#27;[38;5;48m[ADB]&amp#27;[0m The version name of the installed 'io.appium.uiautomator2.server' is greater or equal to the application version name ('7.0.9' >= '7.0.9')
&amp#27;[38;5;32m[AndroidUiautomator2Driver@09ca (4dc2423a)]&amp#27;[0m Server packages status: [{"installState":"sameVersionInstalled","appPath":"C:\\Users\\thanu\\.appium\\node_modules\\appium-uiautomator2-driver\\node_modules\\appium-uiautomator2-server\\apks\\appium-uiautomator2-server-v7.0.9.apk","appId":"io.appium.uiautomator2.server"},{"installState":"sameVersionInstalled","appPath":"C:\\Users\\thanu\\.appium\\node_modules\\appium-uiautomator2-driver\\node_modules\\appium-uiautomator2-server\\apks\\appium-uiautomator2-server-debug-androidTest.apk","appId":"io.appium.uiautomator2.server.test"}]
&amp#27;[38;5;32m[AndroidUiautomator2Driver@09ca (4dc2423a)]&amp#27;[0m Server packages are not going to be (re)installed
&amp#27;[38;5;32m[AndroidUiautomator2Driver@09ca (4dc2423a)]&amp#27;[0m Waiting up to 30000ms for services to be available
&amp#27;[38;5;48m[ADB]&amp#27;[0m Running 'C:\Users\thanu\AppData\Local\Android\Sdk\platform-tools\adb.exe -P 5037 -s emulator-5554 shell pm list instrumentation'
&amp#27;[38;5;32m[AndroidUiautomator2Driver@09ca (4dc2423a)]&amp#27;[0m Instrumentation target 'io.appium.uiautomator2.server.test/androidx.test.runner.AndroidJUnitRunner' is available
&amp#27;[38;5;48m[ADB]&amp#27;[0m Adding packages ["io.appium.settings","io.appium.uiautomator2.server","io.appium.uiautomator2.server.test"] to Doze whitelist
&amp#27;[38;5;48m[ADB]&amp#27;[0m Got the following command chunks to execute: [["dumpsys","deviceidle","whitelist","+io.appium.settings",";","dumpsys","deviceidle","whitelist","+io.appium.uiautomator2.server",";","dumpsys","deviceidle","whitelist","+io.appium.uiautomator2.server.test",";"]]
&amp#27;[38;5;48m[ADB]&amp#27;[0m Running 'C:\Users\thanu\AppData\Local\Android\Sdk\platform-tools\adb.exe -P 5037 -s emulator-5554 shell dumpsys deviceidle whitelist +io.appium.settings ; dumpsys deviceidle whitelist +io.appium.uiautomator2.server ; dumpsys deviceidle whitelist +io.appium.uiautomator2.server.test ;'
&amp#27;[38;5;48m[ADB]&amp#27;[0m apksigner stdout: Signer #1 certificate DN: EMAILADDRESS=android@android.com, CN=Android, OU=Android, O=Android, L=Mountain View, ST=California, C=US
&amp#27;[38;5;48m[ADB]&amp#27;[0m Signer #1 certificate SHA-256 digest: a40da80a59d170caa950cf15c18c454d47a39b26989d8b640ecd745ba71bf5dc
&amp#27;[38;5;48m[ADB]&amp#27;[0m Signer #1 certificate SHA-1 digest: 61ed377e85d386a8dfee6b864bd85b0bfaa5af81
&amp#27;[38;5;48m[ADB]&amp#27;[0m Signer #1 certificate MD5 digest: e89b158e4bcf988ebd09eb83f5378e87
&amp#27;[38;5;48m[ADB]&amp#27;[0m 
&amp#27;[38;5;48m[ADB]&amp#27;[0m sha256 hash did match for 'General-Store.apk'
&amp#27;[38;5;48m[ADB]&amp#27;[0m 'C://Users//thanu//OneDrive//Desktop//Eclipse-workspace//AppiumThanuj//src//test//java//app//resource//General-Store.apk' is signed with the default certificate
&amp#27;[38;5;48m[ADB]&amp#27;[0m Getting package info for 'com.androidsample.generalstore'
&amp#27;[38;5;48m[ADB]&amp#27;[0m Running 'C:\Users\thanu\AppData\Local\Android\Sdk\platform-tools\adb.exe -P 5037 -s emulator-5554 shell dumpsys package com.androidsample.generalstore'
&amp#27;[38;5;48m[ADB]&amp#27;[0m The version name of the installed 'com.androidsample.generalstore' is greater or equal to the application version name ('1.0.0' >= '1.0.0')
&amp#27;[38;5;48m[ADB]&amp#27;[0m There is no need to install/upgrade 'C://Users//thanu//OneDrive//Desktop//Eclipse-workspace//AppiumThanuj//src//test//java//app//resource//General-Store.apk'
&amp#27;[38;5;32m[AndroidUiautomator2Driver@09ca (4dc2423a)]&amp#27;[0m Performing fast reset on 'com.androidsample.generalstore'
&amp#27;[38;5;48m[ADB]&amp#27;[0m Getting install status for com.androidsample.generalstore
&amp#27;[38;5;48m[ADB]&amp#27;[0m Running 'C:\Users\thanu\AppData\Local\Android\Sdk\platform-tools\adb.exe -P 5037 -s emulator-5554 shell cmd package list packages'
&amp#27;[38;5;48m[ADB]&amp#27;[0m 'com.androidsample.generalstore' is installed
&amp#27;[38;5;48m[ADB]&amp#27;[0m Running 'C:\Users\thanu\AppData\Local\Android\Sdk\platform-tools\adb.exe -P 5037 -s emulator-5554 shell am force-stop com.androidsample.generalstore'
&amp#27;[38;5;48m[ADB]&amp#27;[0m Running 'C:\Users\thanu\AppData\Local\Android\Sdk\platform-tools\adb.exe -P 5037 -s emulator-5554 shell pm clear com.androidsample.generalstore'
&amp#27;[38;5;32m[AndroidUiautomator2Driver@09ca (4dc2423a)]&amp#27;[0m Performed fast reset on the installed 'com.androidsample.generalstore' application (stop and clear)
&amp#27;[38;5;32m[AndroidUiautomator2Driver@09ca (4dc2423a)]&amp#27;[0m Performing shallow cleanup of automation leftovers
&amp#27;[38;5;32m[AndroidUiautomator2Driver@09ca (4dc2423a)]&amp#27;[0m No obsolete sessions have been detected (socket hang up)
&amp#27;[38;5;48m[ADB]&amp#27;[0m Running 'C:\Users\thanu\AppData\Local\Android\Sdk\platform-tools\adb.exe -P 5037 -s emulator-5554 shell am force-stop io.appium.uiautomator2.server.test'
&amp#27;[38;5;32m[AndroidUiautomator2Driver@09ca (4dc2423a)]&amp#27;[0m Starting UIAutomator2 server 7.0.9
&amp#27;[38;5;32m[AndroidUiautomator2Driver@09ca (4dc2423a)]&amp#27;[0m Using UIAutomator2 server from 'C:\Users\thanu\.appium\node_modules\appium-uiautomator2-driver\node_modules\appium-uiautomator2-server\apks\appium-uiautomator2-server-v7.0.9.apk' and test from 'C:\Users\thanu\.appium\node_modules\appium-uiautomator2-driver\node_modules\appium-uiautomator2-server\apks\appium-uiautomator2-server-debug-androidTest.apk'
&amp#27;[38;5;32m[AndroidUiautomator2Driver@09ca (4dc2423a)]&amp#27;[0m Waiting up to 30000ms for UiAutomator2 to be online...
&amp#27;[38;5;48m[ADB]&amp#27;[0m Creating ADB subprocess with args: ["-P","5037","-s","emulator-5554","shell","am","instrument","-w","-e","disableAnalytics","true","io.appium.uiautomator2.server.test/androidx.test.runner.AndroidJUnitRunner"]
&amp#27;[38;5;32m[AndroidUiautomator2Driver@09ca (4dc2423a)]&amp#27;[0m Matched '/status' to command name 'getStatus'
&amp#27;[38;5;32m[AndroidUiautomator2Driver@09ca (4dc2423a)]&amp#27;[0m Proxying [GET /status] to [GET http://127.0.0.1:8200/status] with no body
&amp#27;[38;5;32m[AndroidUiautomator2Driver@09ca (4dc2423a)]&amp#27;[0m socket hang up
&amp#27;[38;5;32m[AndroidUiautomator2Driver@09ca (4dc2423a)]&amp#27;[0m Matched '/status' to command name 'getStatus'
&amp#27;[38;5;32m[AndroidUiautomator2Driver@09ca (4dc2423a)]&amp#27;[0m Proxying [GET /status] to [GET http://127.0.0.1:8200/status] with no body
&amp#27;[38;5;32m[AndroidUiautomator2Driver@09ca (4dc2423a)]&amp#27;[0m socket hang up
&amp#27;[38;5;32m[AndroidUiautomator2Driver@09ca (4dc2423a)]&amp#27;[0m Matched '/status' to command name 'getStatus'
&amp#27;[38;5;32m[AndroidUiautomator2Driver@09ca (4dc2423a)]&amp#27;[0m Proxying [GET /status] to [GET http://127.0.0.1:8200/status] with no body
&amp#27;[38;5;32m[AndroidUiautomator2Driver@09ca (4dc2423a)]&amp#27;[0m socket hang up
&amp#27;[38;5;32m[AndroidUiautomator2Driver@09ca (4dc2423a)]&amp#27;[0m Matched '/status' to command name 'getStatus'
&amp#27;[38;5;32m[AndroidUiautomator2Driver@09ca (4dc2423a)]&amp#27;[0m Proxying [GET /status] to [GET http://127.0.0.1:8200/status] with no body
&amp#27;[38;5;32m[AndroidUiautomator2Driver@09ca (4dc2423a)]&amp#27;[0m socket hang up
&amp#27;[38;5;32m[AndroidUiautomator2Driver@09ca (4dc2423a)]&amp#27;[0m Matched '/status' to command name 'getStatus'
&amp#27;[38;5;32m[AndroidUiautomator2Driver@09ca (4dc2423a)]&amp#27;[0m Proxying [GET /status] to [GET http://127.0.0.1:8200/status] with no body
&amp#27;[38;5;32m[AndroidUiautomator2Driver@09ca (4dc2423a)]&amp#27;[0m socket hang up
&amp#27;[38;5;32m[AndroidUiautomator2Driver@09ca (4dc2423a)]&amp#27;[0m Matched '/status' to command name 'getStatus'
&amp#27;[38;5;32m[AndroidUiautomator2Driver@09ca (4dc2423a)]&amp#27;[0m Proxying [GET /status] to [GET http://127.0.0.1:8200/status] with no body
&amp#27;[38;5;32m[AndroidUiautomator2Driver@09ca (4dc2423a)]&amp#27;[0m socket hang up
&amp#27;[38;5;32m[AndroidUiautomator2Driver@09ca (4dc2423a)]&amp#27;[0m Matched '/status' to command name 'getStatus'
&amp#27;[38;5;32m[AndroidUiautomator2Driver@09ca (4dc2423a)]&amp#27;[0m Proxying [GET /status] to [GET http://127.0.0.1:8200/status] with no body
&amp#27;[38;5;32m[AndroidUiautomator2Driver@09ca (4dc2423a)]&amp#27;[0m socket hang up
&amp#27;[38;5;32m[AndroidUiautomator2Driver@09ca (4dc2423a)]&amp#27;[0m Matched '/status' to command name 'getStatus'
&amp#27;[38;5;32m[AndroidUiautomator2Driver@09ca (4dc2423a)]&amp#27;[0m Proxying [GET /status] to [GET http://127.0.0.1:8200/status] with no body
&amp#27;[38;5;32m[AndroidUiautomator2Driver@09ca (4dc2423a)]&amp#27;[0m socket hang up
&amp#27;[38;5;32m[AndroidUiautomator2Driver@09ca (4dc2423a)]&amp#27;[0m Matched '/status' to command name 'getStatus'
&amp#27;[38;5;32m[AndroidUiautomator2Driver@09ca (4dc2423a)]&amp#27;[0m Proxying [GET /status] to [GET http://127.0.0.1:8200/status] with no body
&amp#27;[38;5;32m[AndroidUiautomator2Driver@09ca (4dc2423a)]&amp#27;[0m socket hang up
&amp#27;[38;5;32m[AndroidUiautomator2Driver@09ca (4dc2423a)]&amp#27;[0m Matched '/status' to command name 'getStatus'
&amp#27;[38;5;32m[AndroidUiautomator2Driver@09ca (4dc2423a)]&amp#27;[0m Proxying [GET /status] to [GET http://127.0.0.1:8200/status] with no body
&amp#27;[38;5;32m[AndroidUiautomator2Driver@09ca (4dc2423a)]&amp#27;[0m socket hang up
&amp#27;[38;5;32m[AndroidUiautomator2Driver@09ca (4dc2423a)]&amp#27;[0m Matched '/status' to command name 'getStatus'
&amp#27;[38;5;32m[AndroidUiautomator2Driver@09ca (4dc2423a)]&amp#27;[0m Proxying [GET /status] to [GET http://127.0.0.1:8200/status] with no body
&amp#27;[38;5;32m[AndroidUiautomator2Driver@09ca (4dc2423a)]&amp#27;[0m socket hang up
&amp#27;[38;5;32m[AndroidUiautomator2Driver@09ca (4dc2423a)]&amp#27;[0m Matched '/status' to command name 'getStatus'
&amp#27;[38;5;32m[AndroidUiautomator2Driver@09ca (4dc2423a)]&amp#27;[0m Proxying [GET /status] to [GET http://127.0.0.1:8200/status] with no body
&amp#27;[38;5;32m[AndroidUiautomator2Driver@09ca (4dc2423a)]&amp#27;[0m socket hang up
&amp#27;[38;5;32m[AndroidUiautomator2Driver@09ca (4dc2423a)]&amp#27;[0m Matched '/status' to command name 'getStatus'
&amp#27;[38;5;32m[AndroidUiautomator2Driver@09ca (4dc2423a)]&amp#27;[0m Proxying [GET /status] to [GET http://127.0.0.1:8200/status] with no body
&amp#27;[38;5;32m[AndroidUiautomator2Driver@09ca (4dc2423a)]&amp#27;[0m socket hang up
&amp#27;[38;5;32m[AndroidUiautomator2Driver@09ca (4dc2423a)]&amp#27;[0m Matched '/status' to command name 'getStatus'
&amp#27;[38;5;32m[AndroidUiautomator2Driver@09ca (4dc2423a)]&amp#27;[0m Proxying [GET /status] to [GET http://127.0.0.1:8200/status] with no body
&amp#27;[38;5;32m[AndroidUiautomator2Driver@09ca (4dc2423a)]&amp#27;[0m socket hang up
&amp#27;[38;5;112m[Instrumentation]&amp#27;[0m io.appium.uiautomator2.server.test.AppiumUiAutomator2Server:
&amp#27;[38;5;32m[AndroidUiautomator2Driver@09ca (4dc2423a)]&amp#27;[0m Matched '/status' to command name 'getStatus'
&amp#27;[38;5;32m[AndroidUiautomator2Driver@09ca (4dc2423a)]&amp#27;[0m Proxying [GET /status] to [GET http://127.0.0.1:8200/status] with no body
&amp#27;[38;5;32m[AndroidUiautomator2Driver@09ca (4dc2423a)]&amp#27;[0m socket hang up
&amp#27;[38;5;32m[AndroidUiautomator2Driver@09ca (4dc2423a)]&amp#27;[0m Matched '/status' to command name 'getStatus'
&amp#27;[38;5;32m[AndroidUiautomator2Driver@09ca (4dc2423a)]&amp#27;[0m Proxying [GET /status] to [GET http://127.0.0.1:8200/status] with no body
&amp#27;[38;5;32m[AndroidUiautomator2Driver@09ca (4dc2423a)]&amp#27;[0m socket hang up
&amp#27;[38;5;32m[AndroidUiautomator2Driver@09ca (4dc2423a)]&amp#27;[0m Matched '/status' to command name 'getStatus'
&amp#27;[38;5;32m[AndroidUiautomator2Driver@09ca (4dc2423a)]&amp#27;[0m Proxying [GET /status] to [GET http://127.0.0.1:8200/status] with no body
&amp#27;[38;5;32m[AndroidUiautomator2Driver@09ca (4dc2423a)]&amp#27;[0m socket hang up
&amp#27;[38;5;32m[AndroidUiautomator2Driver@09ca (4dc2423a)]&amp#27;[0m Matched '/status' to command name 'getStatus'
&amp#27;[38;5;32m[AndroidUiautomator2Driver@09ca (4dc2423a)]&amp#27;[0m Proxying [GET /status] to [GET http://127.0.0.1:8200/status] with no body
&amp#27;[38;5;32m[AndroidUiautomator2Driver@09ca (4dc2423a)]&amp#27;[0m socket hang up
&amp#27;[38;5;32m[AndroidUiautomator2Driver@09ca (4dc2423a)]&amp#27;[0m Matched '/status' to command name 'getStatus'
&amp#27;[38;5;32m[AndroidUiautomator2Driver@09ca (4dc2423a)]&amp#27;[0m Proxying [GET /status] to [GET http://127.0.0.1:8200/status] with no body
&amp#27;[38;5;32m[AndroidUiautomator2Driver@09ca (4dc2423a)]&amp#27;[0m socket hang up
&amp#27;[38;5;32m[AndroidUiautomator2Driver@09ca (4dc2423a)]&amp#27;[0m Matched '/status' to command name 'getStatus'
&amp#27;[38;5;32m[AndroidUiautomator2Driver@09ca (4dc2423a)]&amp#27;[0m Proxying [GET /status] to [GET http://127.0.0.1:8200/status] with no body
&amp#27;[38;5;32m[AndroidUiautomator2Driver@09ca (4dc2423a)]&amp#27;[0m socket hang up
&amp#27;[38;5;32m[AndroidUiautomator2Driver@09ca (4dc2423a)]&amp#27;[0m Matched '/status' to command name 'getStatus'
&amp#27;[38;5;32m[AndroidUiautomator2Driver@09ca (4dc2423a)]&amp#27;[0m Proxying [GET /status] to [GET http://127.0.0.1:8200/status] with no body
&amp#27;[38;5;32m[AndroidUiautomator2Driver@09ca (4dc2423a)]&amp#27;[0m Got response with status 200: {"sessionId":"None","value":{"message":"UiAutomator2 Server is ready to accept commands","ready":true}}
&amp#27;[38;5;32m[AndroidUiautomator2Driver@09ca (4dc2423a)]&amp#27;[0m The initialization of the instrumentation process took 22534ms
&amp#27;[38;5;32m[AndroidUiautomator2Driver@09ca (4dc2423a)]&amp#27;[0m Matched '/session' to command name 'createSession'
&amp#27;[38;5;32m[AndroidUiautomator2Driver@09ca (4dc2423a)]&amp#27;[0m Proxying [POST /session] to [POST http://127.0.0.1:8200/session] with body: {"capabilities":{"firstMatch":[{"platformName":"ANDROID","app":"C://Users//thanu//OneDrive//Desktop//Eclipse-workspace//AppiumThanuj//src//test//java//app//resource//General-Store.apk","deviceName":"emulator-5554","automationName":"UIAutomator2","chromedriverExecutable":"C://Users//thanu//Downloads//chromedriver_win32//chromedriver.exe","platform":"LINUX","webStorageEnabled":false,"takesScreenshot":true,"javascriptEnabled":true,"databaseEnabled":false,"networkConnectionEnabled":true,"locationContextEnabled":false,"warnings":{},"desired":{"platformName":"ANDROID","app":"C://Users//thanu//OneDrive//Desktop//Eclipse-workspace//AppiumThanuj//src//test//java//app//resource//General-Store.apk","deviceName":"Pixel 4","automationName":"UIAutomator2","chromedriverExecutable":"C://Users//thanu//Downloads//chromedriver_win32//chromedriver.exe"},"deviceUDID":"emulator-5554","appPackage":"com.androidsample.generalstore"}],"alwaysMatch":{}}}
&amp#27;[38;5;32m[AndroidUiautomator2Driver@09ca (4dc2423a)]&amp#27;[0m Got response with status 200: {"sessionId":"c86a70d2-6799-4336-8a1b-d17723f7b880","value":{"capabilities":{"firstMatch":[{"platformName":"ANDROID","app":"C://Users//thanu//OneDrive//Desktop//Eclipse-workspace//AppiumThanuj//src//test//java//app//resource//General-Store.apk","deviceName":"emulator-5554","automationName":"UIAutomator2","chromedriverExecutable":"C://Users//thanu//Downloads//chromedriver_win32//chromedriver.exe","platform":"LINUX","webStorageEnabled":false,"takesScreenshot":true,"javascriptEnabled":true,"databaseEnabled":false,"networkConnectionEnabled":true,"locationContextEnabled":false,"warnings":{},"desired":{"platformName":"ANDROID","app":"C://Users//thanu//OneDrive//Desktop//Eclipse-workspace//AppiumThanuj//src//test//java//app//resource//General-Store.apk","deviceName":"Pixel 4","automationName":"UIAutomator2","chromedriverExecutable":"C://Users//thanu//Downloads//chromedriver_win32//chromedriver.exe"},"deviceUDID":"emulator-5554","appPackage":"com.androidsample.generalstore"}],"alwaysMatch":{}},"sessionId":"c86a70d...
&amp#27;[38;5;32m[AndroidUiautomator2Driver@09ca (4dc2423a)]&amp#27;[0m Determined the downstream protocol as 'W3C'
&amp#27;[38;5;32m[AndroidUiautomator2Driver@09ca (4dc2423a)]&amp#27;[0m Proxying [GET /appium/device/pixel_ratio] to [GET http://127.0.0.1:8200/session/c86a70d2-6799-4336-8a1b-d17723f7b880/appium/device/pixel_ratio] with no body
&amp#27;[38;5;32m[AndroidUiautomator2Driver@09ca (4dc2423a)]&amp#27;[0m Matched '/appium/device/system_bars' to command name 'getSystemBars'
&amp#27;[38;5;32m[AndroidUiautomator2Driver@09ca (4dc2423a)]&amp#27;[0m Proxying [GET /appium/device/system_bars] to [GET http://127.0.0.1:8200/session/c86a70d2-6799-4336-8a1b-d17723f7b880/appium/device/system_bars] with no body
&amp#27;[38;5;32m[AndroidUiautomator2Driver@09ca (4dc2423a)]&amp#27;[0m Matched '/window/current/size' to command name 'getWindowSize'
&amp#27;[38;5;32m[AndroidUiautomator2Driver@09ca (4dc2423a)]&amp#27;[0m Proxying [GET /window/current/size] to [GET http://127.0.0.1:8200/session/c86a70d2-6799-4336-8a1b-d17723f7b880/window/current/size] with no body
&amp#27;[38;5;32m[AndroidUiautomator2Driver@09ca (4dc2423a)]&amp#27;[0m Proxying [GET /appium/device/info] to [GET http://127.0.0.1:8200/session/c86a70d2-6799-4336-8a1b-d17723f7b880/appium/device/info] with no body
&amp#27;[38;5;48m[ADB]&amp#27;[0m Running 'C:\Users\thanu\AppData\Local\Android\Sdk\platform-tools\adb.exe -P 5037 -s emulator-5554 shell dumpsys window'
&amp#27;[38;5;48m[ADB]&amp#27;[0m Running 'C:\Users\thanu\AppData\Local\Android\Sdk\platform-tools\adb.exe -P 5037 -s emulator-5554 shell dumpsys power'
&amp#27;[38;5;32m[AndroidUiautomator2Driver@09ca (4dc2423a)]&amp#27;[0m Got response with status 200: {"sessionId":"c86a70d2-6799-4336-8a1b-d17723f7b880","value":2.75}
&amp#27;[38;5;32m[AndroidUiautomator2Driver@09ca (4dc2423a)]&amp#27;[0m Got response with status 200: {"sessionId":"c86a70d2-6799-4336-8a1b-d17723f7b880","value":{"statusBar":83}}
&amp#27;[38;5;32m[AndroidUiautomator2Driver@09ca (4dc2423a)]&amp#27;[0m Got response with status 200: {"sessionId":"c86a70d2-6799-4336-8a1b-d17723f7b880","value":{"height":2280,"width":1080}}
&amp#27;[38;5;32m[AndroidUiautomator2Driver@09ca (4dc2423a)]&amp#27;[0m Got response with status 200: {"sessionId":"c86a70d2-6799-4336-8a1b-d17723f7b880","value":{"androidId":"b541cd56f3c7e637","apiVersion":"33","bluetooth":{"state":"ON"},"brand":"google","carrierName":"T-Mobile","displayDensity":440,"locale":"en_US","manufacturer":"Google","model":"sdk_gphone64_x86_64","networks":[{"capabilities":{"SSID":null,"linkDownBandwidthKbps":30000,"linkUpstreamBandwidthKbps":12000,"networkCapabilities":"NET_CAPABILITY_NOT_METERED,NET_CAPABILITY_INTERNET,NET_CAPABILITY_NOT_RESTRICTED,NET_CAPABILITY_TRUSTED,NET_CAPABILITY_NOT_VPN,NET_CAPABILITY_VALIDATED,NET_CAPABILITY_NOT_ROAMING,NET_CAPABILITY_FOREGROUND,NET_CAPABILITY_NOT_CONGESTED,NET_CAPABILITY_NOT_SUSPENDED","signalStrength":-50,"transportTypes":"TRANSPORT_WIFI"},"detailedState":"CONNECTED","extraInfo":"","isAvailable":true,"isConnected":true,"isFailover":false,"isRoaming":false,"state":"CONNECTED","subtype":-1,"subtypeName":"","type":1,"typeName":"WIFI"},{"capabilities":{"SSID":null,"linkDownBandwidthKbps":4300,"linkUpstreamBandwidthKbps":1800,"networkCapabil...
&amp#27;[38;5;32m[AndroidUiautomator2Driver@09ca (4dc2423a)]&amp#27;[0m Screen already unlocked, doing nothing
&amp#27;[38;5;32m[AndroidUiautomator2Driver@09ca (4dc2423a)]&amp#27;[0m Starting 'com.androidsample.generalstore/com.androidsample.generalstore.SplashActivity and waiting for 'com.androidsample.generalstore/com.androidsample.generalstore.SplashActivity'
&amp#27;[38;5;48m[ADB]&amp#27;[0m Running 'C:\Users\thanu\AppData\Local\Android\Sdk\platform-tools\adb.exe -P 5037 -s emulator-5554 shell am start -W -n com.androidsample.generalstore/com.androidsample.generalstore.SplashActivity -S -a android.intent.action.MAIN -c android.intent.category.LAUNCHER -f 0x10200000'
&amp#27;[38;5;48m[ADB]&amp#27;[0m Waiting up to 20000ms for activity matching pkg: 'com.androidsample.generalstore' and activity: 'com.androidsample.generalstore.SplashActivity' to be focused
&amp#27;[38;5;48m[ADB]&amp#27;[0m Possible activities, to be checked: 'com.androidsample.generalstore.SplashActivity', 'com.androidsample.generalstore.com.androidsample.generalstore.SplashActivity'
&amp#27;[38;5;48m[ADB]&amp#27;[0m Getting focused package and activity
&amp#27;[38;5;48m[ADB]&amp#27;[0m Running 'C:\Users\thanu\AppData\Local\Android\Sdk\platform-tools\adb.exe -P 5037 -s emulator-5554 shell dumpsys window displays'
&amp#27;[38;5;48m[ADB]&amp#27;[0m Found package: 'com.androidsample.generalstore' and fully qualified activity name : 'com.androidsample.generalstore.SplashActivity'
&amp#27;[38;5;16m[AppiumDriver@02c0]&amp#27;[0m New AndroidUiautomator2Driver session created successfully, session 4dc2423a-f977-4a4c-ad30-4397f1d60259 added to master session list
&amp#27;[38;5;16m[AppiumDriver@02c0]&amp#27;[0m Event 'newSessionStarted' logged at 1717421735566 (19:05:35 GMT+0530 (India Standard Time))
&amp#27;[38;5;32m[AndroidUiautomator2Driver@09ca (4dc2423a)]&amp#27;[0m Cached the protocol value 'W3C' for the new session 4dc2423a-f977-4a4c-ad30-4397f1d60259
&amp#27;[38;5;32m[AndroidUiautomator2Driver@09ca (4dc2423a)]&amp#27;[0m Responding to client with driver.createSession() result: {"capabilities":{"platformName":"ANDROID","app":"C://Users//thanu//OneDrive//Desktop//Eclipse-workspace//AppiumThanuj//src//test//java//app//resource//General-Store.apk","deviceName":"emulator-5554","automationName":"UIAutomator2","chromedriverExecutable":"C://Users//thanu//Downloads//chromedriver_win32//chromedriver.exe","platform":"LINUX","webStorageEnabled":false,"takesScreenshot":true,"javascriptEnabled":true,"databaseEnabled":false,"networkConnectionEnabled":true,"locationContextEnabled":false,"warnings":{},"desired":{"platformName":"ANDROID","app":"C://Users//thanu//OneDrive//Desktop//Eclipse-workspace//AppiumThanuj//src//test//java//app//resource//General-Store.apk","deviceName":"Pixel 4","automationName":"UIAutomator2","chromedriverExecutable":"C://Users//thanu//Downloads//chromedriver_win32//chromedriver.exe"},"deviceUDID":"emulator-5554","appPackage":"com.androidsample.generalstore","pixelRatio":"2.75","statBarHeight":83,"viewportRect":{"left":0,"top":83,"width":1080,"height":2197},"deviceApiLeve...
&amp#27;[38;5;0m[HTTP]&amp#27;[0m &amp#27;[37m<-- POST /session &amp#27;[39m&amp#27;[32m200&amp#27;[39m &amp#27;[90m42512 ms - 1235&amp#27;[39m
&amp#27;[38;5;0m[HTTP]&amp#27;[0m &amp#27;[90m&amp#27;[39m
&amp#27;[38;5;0m[HTTP]&amp#27;[0m &amp#27;[37m-->&amp#27;[39m &amp#27;[37mGET&amp#27;[39m &amp#27;[37m/session/4dc2423a-f977-4a4c-ad30-4397f1d60259/context&amp#27;[39m
&amp#27;[38;5;0m[HTTP]&amp#27;[0m &amp#27;[90m{}&amp#27;[39m
&amp#27;[38;5;32m[AndroidUiautomator2Driver@09ca (4dc2423a)]&amp#27;[0m Calling AppiumDriver.getCurrentContext() with args: ["4dc2423a-f977-4a4c-ad30-4397f1d60259"]
&amp#27;[38;5;32m[AndroidUiautomator2Driver@09ca (4dc2423a)]&amp#27;[0m Responding to client with driver.getCurrentContext() result: "NATIVE_APP"
&amp#27;[38;5;0m[HTTP]&amp#27;[0m &amp#27;[37m<-- GET /session/4dc2423a-f977-4a4c-ad30-4397f1d60259/context &amp#27;[39m&amp#27;[32m200&amp#27;[39m &amp#27;[90m41 ms - 22&amp#27;[39m
&amp#27;[38;5;0m[HTTP]&amp#27;[0m &amp#27;[90m&amp#27;[39m
&amp#27;[38;5;0m[HTTP]&amp#27;[0m &amp#27;[37m-->&amp#27;[39m &amp#27;[37mPOST&amp#27;[39m &amp#27;[37m/session/4dc2423a-f977-4a4c-ad30-4397f1d60259/element&amp#27;[39m
&amp#27;[38;5;0m[HTTP]&amp#27;[0m &amp#27;[90m{"value":"com.androidsample.generalstore:id/nameField","using":"id"}&amp#27;[39m
&amp#27;[38;5;32m[AndroidUiautomator2Driver@09ca (4dc2423a)]&amp#27;[0m Calling AppiumDriver.findElement() with args: ["id","com.androidsample.generalstore:id/nameField","4dc2423a-f977-4a4c-ad30-4397f1d60259"]
&amp#27;[38;5;32m[AndroidUiautomator2Driver@09ca (4dc2423a)]&amp#27;[0m Valid locator strategies for this request: xpath, id, class name, accessibility id, css selector, -android uiautomator
&amp#27;[38;5;32m[AndroidUiautomator2Driver@09ca (4dc2423a)]&amp#27;[0m Waiting up to 0 ms for condition
&amp#27;[38;5;32m[AndroidUiautomator2Driver@09ca (4dc2423a)]&amp#27;[0m Matched '/element' to command name 'findElement'
&amp#27;[38;5;32m[AndroidUiautomator2Driver@09ca (4dc2423a)]&amp#27;[0m Proxying [POST /element] to [POST http://127.0.0.1:8200/session/c86a70d2-6799-4336-8a1b-d17723f7b880/element] with body: {"strategy":"id","selector":"com.androidsample.generalstore:id/nameField","context":"","multiple":false}
&amp#27;[38;5;32m[AndroidUiautomator2Driver@09ca (4dc2423a)]&amp#27;[0m Got response with status 200: {"sessionId":"c86a70d2-6799-4336-8a1b-d17723f7b880","value":{"ELEMENT":"00000000-0000-000d-ffff-ffff0000001c","element-6066-11e4-a52e-4f735466cecf":"00000000-0000-000d-ffff-ffff0000001c"}}
&amp#27;[38;5;32m[AndroidUiautomator2Driver@09ca (4dc2423a)]&amp#27;[0m Responding to client with driver.findElement() result: {"element-6066-11e4-a52e-4f735466cecf":"00000000-0000-000d-ffff-ffff0000001c","ELEMENT":"00000000-0000-000d-ffff-ffff0000001c"}
&amp#27;[38;5;0m[HTTP]&amp#27;[0m &amp#27;[37m<-- POST /session/4dc2423a-f977-4a4c-ad30-4397f1d60259/element &amp#27;[39m&amp#27;[32m200&amp#27;[39m &amp#27;[90m870 ms - 137&amp#27;[39m
&amp#27;[38;5;0m[HTTP]&amp#27;[0m &amp#27;[90m&amp#27;[39m
&amp#27;[38;5;0m[HTTP]&amp#27;[0m &amp#27;[37m-->&amp#27;[39m &amp#27;[37mPOST&amp#27;[39m &amp#27;[37m/session/4dc2423a-f977-4a4c-ad30-4397f1d60259/element/00000000-0000-000d-ffff-ffff0000001c/value&amp#27;[39m
&amp#27;[38;5;0m[HTTP]&amp#27;[0m &amp#27;[90m{"value":["R","i","a"],"text":"Ria","id":"00000000-0000-000d-ffff-ffff0000001c"}&amp#27;[39m
&amp#27;[38;5;32m[AndroidUiautomator2Driver@09ca (4dc2423a)]&amp#27;[0m Calling AppiumDriver.setValue() with args: [["R","i","a"],"00000000-0000-000d-ffff-ffff0000001c","4dc2423a-f977-4a4c-ad30-4397f1d60259"]
&amp#27;[38;5;32m[AndroidUiautomator2Driver@09ca (4dc2423a)]&amp#27;[0m Matched '/element/00000000-0000-000d-ffff-ffff0000001c/value' to command name 'setValue'
&amp#27;[38;5;32m[AndroidUiautomator2Driver@09ca (4dc2423a)]&amp#27;[0m Added 'value' property ["R","i","a"] to 'setValue' request body
&amp#27;[38;5;32m[AndroidUiautomator2Driver@09ca (4dc2423a)]&amp#27;[0m Proxying [POST /element/00000000-0000-000d-ffff-ffff0000001c/value] to [POST http://127.0.0.1:8200/session/c86a70d2-6799-4336-8a1b-d17723f7b880/element/00000000-0000-000d-ffff-ffff0000001c/value] with body: {"elementId":"00000000-0000-000d-ffff-ffff0000001c","text":"Ria","replace":false,"value":["R","i","a"]}
&amp#27;[38;5;32m[AndroidUiautomator2Driver@09ca (4dc2423a)]&amp#27;[0m Got response with status 200: {"sessionId":"c86a70d2-6799-4336-8a1b-d17723f7b880","value":null}
&amp#27;[38;5;32m[AndroidUiautomator2Driver@09ca (4dc2423a)]&amp#27;[0m Responding to client with driver.setValue() result: null
&amp#27;[38;5;0m[HTTP]&amp#27;[0m &amp#27;[37m<-- POST /session/4dc2423a-f977-4a4c-ad30-4397f1d60259/element/00000000-0000-000d-ffff-ffff0000001c/value &amp#27;[39m&amp#27;[32m200&amp#27;[39m &amp#27;[90m991 ms - 14&amp#27;[39m
&amp#27;[38;5;0m[HTTP]&amp#27;[0m &amp#27;[90m&amp#27;[39m
&amp#27;[38;5;0m[HTTP]&amp#27;[0m &amp#27;[37m-->&amp#27;[39m &amp#27;[37mPOST&amp#27;[39m &amp#27;[37m/session/4dc2423a-f977-4a4c-ad30-4397f1d60259/execute/sync&amp#27;[39m
&amp#27;[38;5;0m[HTTP]&amp#27;[0m &amp#27;[90m{"args":[],"script":"mobile: hideKeyboard"}&amp#27;[39m
&amp#27;[38;5;32m[AndroidUiautomator2Driver@09ca (4dc2423a)]&amp#27;[0m Calling AppiumDriver.execute() with args: ["mobile: hideKeyboard",[],"4dc2423a-f977-4a4c-ad30-4397f1d60259"]
&amp#27;[38;5;32m[AndroidUiautomator2Driver@09ca (4dc2423a)]&amp#27;[0m Executing native command 'mobile: hideKeyboard'
&amp#27;[38;5;48m[ADB]&amp#27;[0m Running 'C:\Users\thanu\AppData\Local\Android\Sdk\platform-tools\adb.exe -P 5037 -s emulator-5554 shell dumpsys input_method'
&amp#27;[38;5;48m[ADB]&amp#27;[0m Keyboard has no UI; no closing necessary
&amp#27;[38;5;32m[AndroidUiautomator2Driver@09ca (4dc2423a)]&amp#27;[0m Responding to client with driver.execute() result: false
&amp#27;[38;5;0m[HTTP]&amp#27;[0m &amp#27;[37m<-- POST /session/4dc2423a-f977-4a4c-ad30-4397f1d60259/execute/sync &amp#27;[39m&amp#27;[32m200&amp#27;[39m &amp#27;[90m2789 ms - 15&amp#27;[39m
&amp#27;[38;5;0m[HTTP]&amp#27;[0m &amp#27;[90m&amp#27;[39m
&amp#27;[38;5;0m[HTTP]&amp#27;[0m &amp#27;[37m-->&amp#27;[39m &amp#27;[37mGET&amp#27;[39m &amp#27;[37m/session/4dc2423a-f977-4a4c-ad30-4397f1d60259/context&amp#27;[39m
&amp#27;[38;5;0m[HTTP]&amp#27;[0m &amp#27;[90m{}&amp#27;[39m
&amp#27;[38;5;32m[AndroidUiautomator2Driver@09ca (4dc2423a)]&amp#27;[0m Calling AppiumDriver.getCurrentContext() with args: ["4dc2423a-f977-4a4c-ad30-4397f1d60259"]
&amp#27;[38;5;32m[AndroidUiautomator2Driver@09ca (4dc2423a)]&amp#27;[0m Responding to client with driver.getCurrentContext() result: "NATIVE_APP"
&amp#27;[38;5;0m[HTTP]&amp#27;[0m &amp#27;[37m<-- GET /session/4dc2423a-f977-4a4c-ad30-4397f1d60259/context &amp#27;[39m&amp#27;[32m200&amp#27;[39m &amp#27;[90m3 ms - 22&amp#27;[39m
&amp#27;[38;5;0m[HTTP]&amp#27;[0m &amp#27;[90m&amp#27;[39m
&amp#27;[38;5;0m[HTTP]&amp#27;[0m &amp#27;[37m-->&amp#27;[39m &amp#27;[37mPOST&amp#27;[39m &amp#27;[37m/session/4dc2423a-f977-4a4c-ad30-4397f1d60259/element&amp#27;[39m
&amp#27;[38;5;0m[HTTP]&amp#27;[0m &amp#27;[90m{"value":"//android.widget.RadioButton[@text='Female']","using":"xpath"}&amp#27;[39m
&amp#27;[38;5;32m[AndroidUiautomator2Driver@09ca (4dc2423a)]&amp#27;[0m Calling AppiumDriver.findElement() with args: ["xpath","//android.widget.RadioButton[@text='Female']","4dc2423a-f977-4a4c-ad30-4397f1d60259"]
&amp#27;[38;5;32m[AndroidUiautomator2Driver@09ca (4dc2423a)]&amp#27;[0m Valid locator strategies for this request: xpath, id, class name, accessibility id, css selector, -android uiautomator
&amp#27;[38;5;32m[AndroidUiautomator2Driver@09ca (4dc2423a)]&amp#27;[0m Waiting up to 0 ms for condition
&amp#27;[38;5;32m[AndroidUiautomator2Driver@09ca (4dc2423a)]&amp#27;[0m Matched '/element' to command name 'findElement'
&amp#27;[38;5;32m[AndroidUiautomator2Driver@09ca (4dc2423a)]&amp#27;[0m Proxying [POST /element] to [POST http://127.0.0.1:8200/session/c86a70d2-6799-4336-8a1b-d17723f7b880/element] with body: {"strategy":"xpath","selector":"//android.widget.RadioButton[@text='Female']","context":"","multiple":false}
&amp#27;[38;5;32m[AndroidUiautomator2Driver@09ca (4dc2423a)]&amp#27;[0m Got response with status 200: {"sessionId":"c86a70d2-6799-4336-8a1b-d17723f7b880","value":{"ELEMENT":"00000000-0000-000d-ffff-ffff00000020","element-6066-11e4-a52e-4f735466cecf":"00000000-0000-000d-ffff-ffff00000020"}}
&amp#27;[38;5;32m[AndroidUiautomator2Driver@09ca (4dc2423a)]&amp#27;[0m Responding to client with driver.findElement() result: {"element-6066-11e4-a52e-4f735466cecf":"00000000-0000-000d-ffff-ffff00000020","ELEMENT":"00000000-0000-000d-ffff-ffff00000020"}
&amp#27;[38;5;0m[HTTP]&amp#27;[0m &amp#27;[37m<-- POST /session/4dc2423a-f977-4a4c-ad30-4397f1d60259/element &amp#27;[39m&amp#27;[32m200&amp#27;[39m &amp#27;[90m2951 ms - 137&amp#27;[39m
&amp#27;[38;5;0m[HTTP]&amp#27;[0m &amp#27;[90m&amp#27;[39m
&amp#27;[38;5;0m[HTTP]&amp#27;[0m &amp#27;[37m-->&amp#27;[39m &amp#27;[37mPOST&amp#27;[39m &amp#27;[37m/session/4dc2423a-f977-4a4c-ad30-4397f1d60259/element/00000000-0000-000d-ffff-ffff00000020/click&amp#27;[39m
&amp#27;[38;5;0m[HTTP]&amp#27;[0m &amp#27;[90m{"id":"00000000-0000-000d-ffff-ffff00000020"}&amp#27;[39m
&amp#27;[38;5;32m[AndroidUiautomator2Driver@09ca (4dc2423a)]&amp#27;[0m Calling AppiumDriver.click() with args: ["00000000-0000-000d-ffff-ffff00000020","4dc2423a-f977-4a4c-ad30-4397f1d60259"]
&amp#27;[38;5;32m[AndroidUiautomator2Driver@09ca (4dc2423a)]&amp#27;[0m Matched '/element/00000000-0000-000d-ffff-ffff00000020/click' to command name 'click'
&amp#27;[38;5;32m[AndroidUiautomator2Driver@09ca (4dc2423a)]&amp#27;[0m Proxying [POST /element/00000000-0000-000d-ffff-ffff00000020/click] to [POST http://127.0.0.1:8200/session/c86a70d2-6799-4336-8a1b-d17723f7b880/element/00000000-0000-000d-ffff-ffff00000020/click] with body: {"element":"00000000-0000-000d-ffff-ffff00000020"}
&amp#27;[38;5;32m[AndroidUiautomator2Driver@09ca (4dc2423a)]&amp#27;[0m Got response with status 200: {"sessionId":"c86a70d2-6799-4336-8a1b-d17723f7b880","value":null}
&amp#27;[38;5;32m[AndroidUiautomator2Driver@09ca (4dc2423a)]&amp#27;[0m Responding to client with driver.click() result: null
&amp#27;[38;5;0m[HTTP]&amp#27;[0m &amp#27;[37m<-- POST /session/4dc2423a-f977-4a4c-ad30-4397f1d60259/element/00000000-0000-000d-ffff-ffff00000020/click &amp#27;[39m&amp#27;[32m200&amp#27;[39m &amp#27;[90m362 ms - 14&amp#27;[39m
&amp#27;[38;5;0m[HTTP]&amp#27;[0m &amp#27;[90m&amp#27;[39m
&amp#27;[38;5;0m[HTTP]&amp#27;[0m &amp#27;[37m-->&amp#27;[39m &amp#27;[37mGET&amp#27;[39m &amp#27;[37m/session/4dc2423a-f977-4a4c-ad30-4397f1d60259/context&amp#27;[39m
&amp#27;[38;5;0m[HTTP]&amp#27;[0m &amp#27;[90m{}&amp#27;[39m
&amp#27;[38;5;32m[AndroidUiautomator2Driver@09ca (4dc2423a)]&amp#27;[0m Calling AppiumDriver.getCurrentContext() with args: ["4dc2423a-f977-4a4c-ad30-4397f1d60259"]
&amp#27;[38;5;32m[AndroidUiautomator2Driver@09ca (4dc2423a)]&amp#27;[0m Responding to client with driver.getCurrentContext() result: "NATIVE_APP"
&amp#27;[38;5;0m[HTTP]&amp#27;[0m &amp#27;[37m<-- GET /session/4dc2423a-f977-4a4c-ad30-4397f1d60259/context &amp#27;[39m&amp#27;[32m200&amp#27;[39m &amp#27;[90m3 ms - 22&amp#27;[39m
&amp#27;[38;5;0m[HTTP]&amp#27;[0m &amp#27;[90m&amp#27;[39m
&amp#27;[38;5;0m[HTTP]&amp#27;[0m &amp#27;[37m-->&amp#27;[39m &amp#27;[37mPOST&amp#27;[39m &amp#27;[37m/session/4dc2423a-f977-4a4c-ad30-4397f1d60259/element&amp#27;[39m
&amp#27;[38;5;0m[HTTP]&amp#27;[0m &amp#27;[90m{"value":"android:id/text1","using":"id"}&amp#27;[39m
&amp#27;[38;5;32m[AndroidUiautomator2Driver@09ca (4dc2423a)]&amp#27;[0m Calling AppiumDriver.findElement() with args: ["id","android:id/text1","4dc2423a-f977-4a4c-ad30-4397f1d60259"]
&amp#27;[38;5;32m[AndroidUiautomator2Driver@09ca (4dc2423a)]&amp#27;[0m Valid locator strategies for this request: xpath, id, class name, accessibility id, css selector, -android uiautomator
&amp#27;[38;5;32m[AndroidUiautomator2Driver@09ca (4dc2423a)]&amp#27;[0m Waiting up to 0 ms for condition
&amp#27;[38;5;32m[AndroidUiautomator2Driver@09ca (4dc2423a)]&amp#27;[0m Matched '/element' to command name 'findElement'
&amp#27;[38;5;32m[AndroidUiautomator2Driver@09ca (4dc2423a)]&amp#27;[0m Proxying [POST /element] to [POST http://127.0.0.1:8200/session/c86a70d2-6799-4336-8a1b-d17723f7b880/element] with body: {"strategy":"id","selector":"android:id/text1","context":"","multiple":false}
&amp#27;[38;5;32m[AndroidUiautomator2Driver@09ca (4dc2423a)]&amp#27;[0m Got response with status 200: {"sessionId":"c86a70d2-6799-4336-8a1b-d17723f7b880","value":{"ELEMENT":"00000000-0000-000d-ffff-ffff00000024","element-6066-11e4-a52e-4f735466cecf":"00000000-0000-000d-ffff-ffff00000024"}}
&amp#27;[38;5;32m[AndroidUiautomator2Driver@09ca (4dc2423a)]&amp#27;[0m Responding to client with driver.findElement() result: {"element-6066-11e4-a52e-4f735466cecf":"00000000-0000-000d-ffff-ffff00000024","ELEMENT":"00000000-0000-000d-ffff-ffff00000024"}
&amp#27;[38;5;0m[HTTP]&amp#27;[0m &amp#27;[37m<-- POST /session/4dc2423a-f977-4a4c-ad30-4397f1d60259/element &amp#27;[39m&amp#27;[32m200&amp#27;[39m &amp#27;[90m259 ms - 137&amp#27;[39m
&amp#27;[38;5;0m[HTTP]&amp#27;[0m &amp#27;[90m&amp#27;[39m
&amp#27;[38;5;0m[HTTP]&amp#27;[0m &amp#27;[37m-->&amp#27;[39m &amp#27;[37mPOST&amp#27;[39m &amp#27;[37m/session/4dc2423a-f977-4a4c-ad30-4397f1d60259/element/00000000-0000-000d-ffff-ffff00000024/click&amp#27;[39m
&amp#27;[38;5;0m[HTTP]&amp#27;[0m &amp#27;[90m{"id":"00000000-0000-000d-ffff-ffff00000024"}&amp#27;[39m
&amp#27;[38;5;32m[AndroidUiautomator2Driver@09ca (4dc2423a)]&amp#27;[0m Calling AppiumDriver.click() with args: ["00000000-0000-000d-ffff-ffff00000024","4dc2423a-f977-4a4c-ad30-4397f1d60259"]
&amp#27;[38;5;32m[AndroidUiautomator2Driver@09ca (4dc2423a)]&amp#27;[0m Matched '/element/00000000-0000-000d-ffff-ffff00000024/click' to command name 'click'
&amp#27;[38;5;32m[AndroidUiautomator2Driver@09ca (4dc2423a)]&amp#27;[0m Proxying [POST /element/00000000-0000-000d-ffff-ffff00000024/click] to [POST http://127.0.0.1:8200/session/c86a70d2-6799-4336-8a1b-d17723f7b880/element/00000000-0000-000d-ffff-ffff00000024/click] with body: {"element":"00000000-0000-000d-ffff-ffff00000024"}
&amp#27;[38;5;32m[AndroidUiautomator2Driver@09ca (4dc2423a)]&amp#27;[0m Got response with status 200: {"sessionId":"c86a70d2-6799-4336-8a1b-d17723f7b880","value":null}
&amp#27;[38;5;32m[AndroidUiautomator2Driver@09ca (4dc2423a)]&amp#27;[0m Responding to client with driver.click() result: null
&amp#27;[38;5;0m[HTTP]&amp#27;[0m &amp#27;[37m<-- POST /session/4dc2423a-f977-4a4c-ad30-4397f1d60259/element/00000000-0000-000d-ffff-ffff00000024/click &amp#27;[39m&amp#27;[32m200&amp#27;[39m &amp#27;[90m632 ms - 14&amp#27;[39m
&amp#27;[38;5;0m[HTTP]&amp#27;[0m &amp#27;[90m&amp#27;[39m
&amp#27;[38;5;0m[HTTP]&amp#27;[0m &amp#27;[37m-->&amp#27;[39m &amp#27;[37mPOST&amp#27;[39m &amp#27;[37m/session/4dc2423a-f977-4a4c-ad30-4397f1d60259/element&amp#27;[39m
&amp#27;[38;5;0m[HTTP]&amp#27;[0m &amp#27;[90m{"value":"new UiScrollable(new UiSelector()).scrollIntoView(text(\"Argentina\"));","using":"-android uiautomator"}&amp#27;[39m
&amp#27;[38;5;32m[AndroidUiautomator2Driver@09ca (4dc2423a)]&amp#27;[0m Calling AppiumDriver.findElement() with args: ["-android uiautomator","new UiScrollable(new UiSelector()).scrollIntoView(text(\"Argentina\"));","4dc2423a-f977-4a4c-ad30-4397f1d60259"]
&amp#27;[38;5;32m[AndroidUiautomator2Driver@09ca (4dc2423a)]&amp#27;[0m Valid locator strategies for this request: xpath, id, class name, accessibility id, css selector, -android uiautomator
&amp#27;[38;5;32m[AndroidUiautomator2Driver@09ca (4dc2423a)]&amp#27;[0m Waiting up to 0 ms for condition
&amp#27;[38;5;32m[AndroidUiautomator2Driver@09ca (4dc2423a)]&amp#27;[0m Matched '/element' to command name 'findElement'
&amp#27;[38;5;32m[AndroidUiautomator2Driver@09ca (4dc2423a)]&amp#27;[0m Proxying [POST /element] to [POST http://127.0.0.1:8200/session/c86a70d2-6799-4336-8a1b-d17723f7b880/element] with body: {"strategy":"-android uiautomator","selector":"new UiScrollable(new UiSelector()).scrollIntoView(text(\"Argentina\"));","context":"","multiple":false}
&amp#27;[38;5;32m[AndroidUiautomator2Driver@09ca (4dc2423a)]&amp#27;[0m Got response with status 200: {"sessionId":"c86a70d2-6799-4336-8a1b-d17723f7b880","value":{"ELEMENT":"00000000-0000-000e-ffff-ffff00000032","element-6066-11e4-a52e-4f735466cecf":"00000000-0000-000e-ffff-ffff00000032"}}
&amp#27;[38;5;32m[AndroidUiautomator2Driver@09ca (4dc2423a)]&amp#27;[0m Responding to client with driver.findElement() result: {"element-6066-11e4-a52e-4f735466cecf":"00000000-0000-000e-ffff-ffff00000032","ELEMENT":"00000000-0000-000e-ffff-ffff00000032"}
&amp#27;[38;5;0m[HTTP]&amp#27;[0m &amp#27;[37m<-- POST /session/4dc2423a-f977-4a4c-ad30-4397f1d60259/element &amp#27;[39m&amp#27;[32m200&amp#27;[39m &amp#27;[90m11200 ms - 137&amp#27;[39m
&amp#27;[38;5;0m[HTTP]&amp#27;[0m &amp#27;[90m&amp#27;[39m
&amp#27;[38;5;0m[HTTP]&amp#27;[0m &amp#27;[37m-->&amp#27;[39m &amp#27;[37mPOST&amp#27;[39m &amp#27;[37m/session/4dc2423a-f977-4a4c-ad30-4397f1d60259/element&amp#27;[39m
&amp#27;[38;5;0m[HTTP]&amp#27;[0m &amp#27;[90m{"value":"//android.widget.TextView[@text='Argentina']","using":"xpath"}&amp#27;[39m
&amp#27;[38;5;32m[AndroidUiautomator2Driver@09ca (4dc2423a)]&amp#27;[0m Calling AppiumDriver.findElement() with args: ["xpath","//android.widget.TextView[@text='Argentina']","4dc2423a-f977-4a4c-ad30-4397f1d60259"]
&amp#27;[38;5;32m[AndroidUiautomator2Driver@09ca (4dc2423a)]&amp#27;[0m Valid locator strategies for this request: xpath, id, class name, accessibility id, css selector, -android uiautomator
&amp#27;[38;5;32m[AndroidUiautomator2Driver@09ca (4dc2423a)]&amp#27;[0m Waiting up to 0 ms for condition
&amp#27;[38;5;32m[AndroidUiautomator2Driver@09ca (4dc2423a)]&amp#27;[0m Matched '/element' to command name 'findElement'
&amp#27;[38;5;32m[AndroidUiautomator2Driver@09ca (4dc2423a)]&amp#27;[0m Proxying [POST /element] to [POST http://127.0.0.1:8200/session/c86a70d2-6799-4336-8a1b-d17723f7b880/element] with body: {"strategy":"xpath","selector":"//android.widget.TextView[@text='Argentina']","context":"","multiple":false}
&amp#27;[38;5;32m[AndroidUiautomator2Driver@09ca (4dc2423a)]&amp#27;[0m Got response with status 200: {"sessionId":"c86a70d2-6799-4336-8a1b-d17723f7b880","value":{"ELEMENT":"00000000-0000-000e-ffff-ffff00000032","element-6066-11e4-a52e-4f735466cecf":"00000000-0000-000e-ffff-ffff00000032"}}
&amp#27;[38;5;32m[AndroidUiautomator2Driver@09ca (4dc2423a)]&amp#27;[0m Responding to client with driver.findElement() result: {"element-6066-11e4-a52e-4f735466cecf":"00000000-0000-000e-ffff-ffff00000032","ELEMENT":"00000000-0000-000e-ffff-ffff00000032"}
&amp#27;[38;5;0m[HTTP]&amp#27;[0m &amp#27;[37m<-- POST /session/4dc2423a-f977-4a4c-ad30-4397f1d60259/element &amp#27;[39m&amp#27;[32m200&amp#27;[39m &amp#27;[90m161 ms - 137&amp#27;[39m
&amp#27;[38;5;0m[HTTP]&amp#27;[0m &amp#27;[90m&amp#27;[39m
&amp#27;[38;5;0m[HTTP]&amp#27;[0m &amp#27;[37m-->&amp#27;[39m &amp#27;[37mPOST&amp#27;[39m &amp#27;[37m/session/4dc2423a-f977-4a4c-ad30-4397f1d60259/element/00000000-0000-000e-ffff-ffff00000032/click&amp#27;[39m
&amp#27;[38;5;0m[HTTP]&amp#27;[0m &amp#27;[90m{"id":"00000000-0000-000e-ffff-ffff00000032"}&amp#27;[39m
&amp#27;[38;5;32m[AndroidUiautomator2Driver@09ca (4dc2423a)]&amp#27;[0m Calling AppiumDriver.click() with args: ["00000000-0000-000e-ffff-ffff00000032","4dc2423a-f977-4a4c-ad30-4397f1d60259"]
&amp#27;[38;5;32m[AndroidUiautomator2Driver@09ca (4dc2423a)]&amp#27;[0m Matched '/element/00000000-0000-000e-ffff-ffff00000032/click' to command name 'click'
&amp#27;[38;5;32m[AndroidUiautomator2Driver@09ca (4dc2423a)]&amp#27;[0m Proxying [POST /element/00000000-0000-000e-ffff-ffff00000032/click] to [POST http://127.0.0.1:8200/session/c86a70d2-6799-4336-8a1b-d17723f7b880/element/00000000-0000-000e-ffff-ffff00000032/click] with body: {"element":"00000000-0000-000e-ffff-ffff00000032"}
&amp#27;[38;5;32m[AndroidUiautomator2Driver@09ca (4dc2423a)]&amp#27;[0m Got response with status 200: {"sessionId":"c86a70d2-6799-4336-8a1b-d17723f7b880","value":null}
&amp#27;[38;5;32m[AndroidUiautomator2Driver@09ca (4dc2423a)]&amp#27;[0m Responding to client with driver.click() result: null
&amp#27;[38;5;0m[HTTP]&amp#27;[0m &amp#27;[37m<-- POST /session/4dc2423a-f977-4a4c-ad30-4397f1d60259/element/00000000-0000-000e-ffff-ffff00000032/click &amp#27;[39m&amp#27;[32m200&amp#27;[39m &amp#27;[90m74 ms - 14&amp#27;[39m
&amp#27;[38;5;0m[HTTP]&amp#27;[0m &amp#27;[90m&amp#27;[39m
&amp#27;[38;5;0m[HTTP]&amp#27;[0m &amp#27;[37m-->&amp#27;[39m &amp#27;[37mGET&amp#27;[39m &amp#27;[37m/session/4dc2423a-f977-4a4c-ad30-4397f1d60259/context&amp#27;[39m
&amp#27;[38;5;0m[HTTP]&amp#27;[0m &amp#27;[90m{}&amp#27;[39m
&amp#27;[38;5;32m[AndroidUiautomator2Driver@09ca (4dc2423a)]&amp#27;[0m Calling AppiumDriver.getCurrentContext() with args: ["4dc2423a-f977-4a4c-ad30-4397f1d60259"]
&amp#27;[38;5;32m[AndroidUiautomator2Driver@09ca (4dc2423a)]&amp#27;[0m Responding to client with driver.getCurrentContext() result: "NATIVE_APP"
&amp#27;[38;5;0m[HTTP]&amp#27;[0m &amp#27;[37m<-- GET /session/4dc2423a-f977-4a4c-ad30-4397f1d60259/context &amp#27;[39m&amp#27;[32m200&amp#27;[39m &amp#27;[90m4 ms - 22&amp#27;[39m
&amp#27;[38;5;0m[HTTP]&amp#27;[0m &amp#27;[90m&amp#27;[39m
&amp#27;[38;5;0m[HTTP]&amp#27;[0m &amp#27;[37m-->&amp#27;[39m &amp#27;[37mPOST&amp#27;[39m &amp#27;[37m/session/4dc2423a-f977-4a4c-ad30-4397f1d60259/element&amp#27;[39m
&amp#27;[38;5;0m[HTTP]&amp#27;[0m &amp#27;[90m{"value":"com.androidsample.generalstore:id/btnLetsShop","using":"id"}&amp#27;[39m
&amp#27;[38;5;32m[AndroidUiautomator2Driver@09ca (4dc2423a)]&amp#27;[0m Calling AppiumDriver.findElement() with args: ["id","com.androidsample.generalstore:id/btnLetsShop","4dc2423a-f977-4a4c-ad30-4397f1d60259"]
&amp#27;[38;5;32m[AndroidUiautomator2Driver@09ca (4dc2423a)]&amp#27;[0m Valid locator strategies for this request: xpath, id, class name, accessibility id, css selector, -android uiautomator
&amp#27;[38;5;32m[AndroidUiautomator2Driver@09ca (4dc2423a)]&amp#27;[0m Waiting up to 0 ms for condition
&amp#27;[38;5;32m[AndroidUiautomator2Driver@09ca (4dc2423a)]&amp#27;[0m Matched '/element' to command name 'findElement'
&amp#27;[38;5;32m[AndroidUiautomator2Driver@09ca (4dc2423a)]&amp#27;[0m Proxying [POST /element] to [POST http://127.0.0.1:8200/session/c86a70d2-6799-4336-8a1b-d17723f7b880/element] with body: {"strategy":"id","selector":"com.androidsample.generalstore:id/btnLetsShop","context":"","multiple":false}
&amp#27;[38;5;32m[AndroidUiautomator2Driver@09ca (4dc2423a)]&amp#27;[0m Got response with status 200: {"sessionId":"c86a70d2-6799-4336-8a1b-d17723f7b880","value":{"ELEMENT":"00000000-0000-000d-ffff-ffff00000021","element-6066-11e4-a52e-4f735466cecf":"00000000-0000-000d-ffff-ffff00000021"}}
&amp#27;[38;5;32m[AndroidUiautomator2Driver@09ca (4dc2423a)]&amp#27;[0m Responding to client with driver.findElement() result: {"element-6066-11e4-a52e-4f735466cecf":"00000000-0000-000d-ffff-ffff00000021","ELEMENT":"00000000-0000-000d-ffff-ffff00000021"}
&amp#27;[38;5;0m[HTTP]&amp#27;[0m &amp#27;[37m<-- POST /session/4dc2423a-f977-4a4c-ad30-4397f1d60259/element &amp#27;[39m&amp#27;[32m200&amp#27;[39m &amp#27;[90m1006 ms - 137&amp#27;[39m
&amp#27;[38;5;0m[HTTP]&amp#27;[0m &amp#27;[90m&amp#27;[39m
&amp#27;[38;5;0m[HTTP]&amp#27;[0m &amp#27;[37m-->&amp#27;[39m &amp#27;[37mPOST&amp#27;[39m &amp#27;[37m/session/4dc2423a-f977-4a4c-ad30-4397f1d60259/element/00000000-0000-000d-ffff-ffff00000021/click&amp#27;[39m
&amp#27;[38;5;0m[HTTP]&amp#27;[0m &amp#27;[90m{"id":"00000000-0000-000d-ffff-ffff00000021"}&amp#27;[39m
&amp#27;[38;5;32m[AndroidUiautomator2Driver@09ca (4dc2423a)]&amp#27;[0m Calling AppiumDriver.click() with args: ["00000000-0000-000d-ffff-ffff00000021","4dc2423a-f977-4a4c-ad30-4397f1d60259"]
&amp#27;[38;5;32m[AndroidUiautomator2Driver@09ca (4dc2423a)]&amp#27;[0m Matched '/element/00000000-0000-000d-ffff-ffff00000021/click' to command name 'click'
&amp#27;[38;5;32m[AndroidUiautomator2Driver@09ca (4dc2423a)]&amp#27;[0m Proxying [POST /element/00000000-0000-000d-ffff-ffff00000021/click] to [POST http://127.0.0.1:8200/session/c86a70d2-6799-4336-8a1b-d17723f7b880/element/00000000-0000-000d-ffff-ffff00000021/click] with body: {"element":"00000000-0000-000d-ffff-ffff00000021"}
&amp#27;[38;5;32m[AndroidUiautomator2Driver@09ca (4dc2423a)]&amp#27;[0m Got response with status 200: {"sessionId":"c86a70d2-6799-4336-8a1b-d17723f7b880","value":null}
&amp#27;[38;5;32m[AndroidUiautomator2Driver@09ca (4dc2423a)]&amp#27;[0m Responding to client with driver.click() result: null
&amp#27;[38;5;0m[HTTP]&amp#27;[0m &amp#27;[37m<-- POST /session/4dc2423a-f977-4a4c-ad30-4397f1d60259/element/00000000-0000-000d-ffff-ffff00000021/click &amp#27;[39m&amp#27;[32m200&amp#27;[39m &amp#27;[90m199 ms - 14&amp#27;[39m
&amp#27;[38;5;0m[HTTP]&amp#27;[0m &amp#27;[90m&amp#27;[39m
&amp#27;[38;5;0m[HTTP]&amp#27;[0m &amp#27;[37m-->&amp#27;[39m &amp#27;[37mGET&amp#27;[39m &amp#27;[37m/session/4dc2423a-f977-4a4c-ad30-4397f1d60259/context&amp#27;[39m
&amp#27;[38;5;0m[HTTP]&amp#27;[0m &amp#27;[90m{}&amp#27;[39m
&amp#27;[38;5;32m[AndroidUiautomator2Driver@09ca (4dc2423a)]&amp#27;[0m Calling AppiumDriver.getCurrentContext() with args: ["4dc2423a-f977-4a4c-ad30-4397f1d60259"]
&amp#27;[38;5;32m[AndroidUiautomator2Driver@09ca (4dc2423a)]&amp#27;[0m Responding to client with driver.getCurrentContext() result: "NATIVE_APP"
&amp#27;[38;5;0m[HTTP]&amp#27;[0m &amp#27;[37m<-- GET /session/4dc2423a-f977-4a4c-ad30-4397f1d60259/context &amp#27;[39m&amp#27;[32m200&amp#27;[39m &amp#27;[90m3 ms - 22&amp#27;[39m
&amp#27;[38;5;0m[HTTP]&amp#27;[0m &amp#27;[90m&amp#27;[39m
&amp#27;[38;5;0m[HTTP]&amp#27;[0m &amp#27;[37m-->&amp#27;[39m &amp#27;[37mPOST&amp#27;[39m &amp#27;[37m/session/4dc2423a-f977-4a4c-ad30-4397f1d60259/elements&amp#27;[39m
&amp#27;[38;5;0m[HTTP]&amp#27;[0m &amp#27;[90m{"value":"//android.widget.TextView[@text='ADD TO CART']","using":"xpath"}&amp#27;[39m
&amp#27;[38;5;32m[AndroidUiautomator2Driver@09ca (4dc2423a)]&amp#27;[0m Calling AppiumDriver.findElements() with args: ["xpath","//android.widget.TextView[@text='ADD TO CART']","4dc2423a-f977-4a4c-ad30-4397f1d60259"]
&amp#27;[38;5;32m[AndroidUiautomator2Driver@09ca (4dc2423a)]&amp#27;[0m Valid locator strategies for this request: xpath, id, class name, accessibility id, css selector, -android uiautomator
&amp#27;[38;5;32m[AndroidUiautomator2Driver@09ca (4dc2423a)]&amp#27;[0m Waiting up to 0 ms for condition
&amp#27;[38;5;32m[AndroidUiautomator2Driver@09ca (4dc2423a)]&amp#27;[0m Matched '/elements' to command name 'findElements'
&amp#27;[38;5;32m[AndroidUiautomator2Driver@09ca (4dc2423a)]&amp#27;[0m Proxying [POST /elements] to [POST http://127.0.0.1:8200/session/c86a70d2-6799-4336-8a1b-d17723f7b880/elements] with body: {"strategy":"xpath","selector":"//android.widget.TextView[@text='ADD TO CART']","context":"","multiple":true}
&amp#27;[38;5;32m[AndroidUiautomator2Driver@09ca (4dc2423a)]&amp#27;[0m Got response with status 200: {"sessionId":"c86a70d2-6799-4336-8a1b-d17723f7b880","value":[{"ELEMENT":"00000000-0000-000f-ffff-ffff00000051","element-6066-11e4-a52e-4f735466cecf":"00000000-0000-000f-ffff-ffff00000051"},{"ELEMENT":"00000000-0000-000f-ffff-ffff00000059","element-6066-11e4-a52e-4f735466cecf":"00000000-0000-000f-ffff-ffff00000059"}]}
&amp#27;[38;5;32m[AndroidUiautomator2Driver@09ca (4dc2423a)]&amp#27;[0m Responding to client with driver.findElements() result: [{"element-6066-11e4-a52e-4f735466cecf":"00000000-0000-000f-ffff-ffff00000051","ELEMENT":"00000000-0000-000f-ffff-ffff00000051"},{"element-6066-11e4-a52e-4f735466cecf":"00000000-0000-000f-ffff-ffff00000059","ELEMENT":"00000000-0000-000f-ffff-ffff00000059"}]
&amp#27;[38;5;0m[HTTP]&amp#27;[0m &amp#27;[37m<-- POST /session/4dc2423a-f977-4a4c-ad30-4397f1d60259/elements &amp#27;[39m&amp#27;[32m200&amp#27;[39m &amp#27;[90m376 ms - 267&amp#27;[39m
&amp#27;[38;5;0m[HTTP]&amp#27;[0m &amp#27;[90m&amp#27;[39m
&amp#27;[38;5;0m[HTTP]&amp#27;[0m &amp#27;[37m-->&amp#27;[39m &amp#27;[37mPOST&amp#27;[39m &amp#27;[37m/session/4dc2423a-f977-4a4c-ad30-4397f1d60259/element/00000000-0000-000f-ffff-ffff00000051/click&amp#27;[39m
&amp#27;[38;5;0m[HTTP]&amp#27;[0m &amp#27;[90m{"id":"00000000-0000-000f-ffff-ffff00000051"}&amp#27;[39m
&amp#27;[38;5;32m[AndroidUiautomator2Driver@09ca (4dc2423a)]&amp#27;[0m Calling AppiumDriver.click() with args: ["00000000-0000-000f-ffff-ffff00000051","4dc2423a-f977-4a4c-ad30-4397f1d60259"]
&amp#27;[38;5;32m[AndroidUiautomator2Driver@09ca (4dc2423a)]&amp#27;[0m Matched '/element/00000000-0000-000f-ffff-ffff00000051/click' to command name 'click'
&amp#27;[38;5;32m[AndroidUiautomator2Driver@09ca (4dc2423a)]&amp#27;[0m Proxying [POST /element/00000000-0000-000f-ffff-ffff00000051/click] to [POST http://127.0.0.1:8200/session/c86a70d2-6799-4336-8a1b-d17723f7b880/element/00000000-0000-000f-ffff-ffff00000051/click] with body: {"element":"00000000-0000-000f-ffff-ffff00000051"}
&amp#27;[38;5;32m[AndroidUiautomator2Driver@09ca (4dc2423a)]&amp#27;[0m Got response with status 200: {"sessionId":"c86a70d2-6799-4336-8a1b-d17723f7b880","value":null}
&amp#27;[38;5;32m[AndroidUiautomator2Driver@09ca (4dc2423a)]&amp#27;[0m Responding to client with driver.click() result: null
&amp#27;[38;5;0m[HTTP]&amp#27;[0m &amp#27;[37m<-- POST /session/4dc2423a-f977-4a4c-ad30-4397f1d60259/element/00000000-0000-000f-ffff-ffff00000051/click &amp#27;[39m&amp#27;[32m200&amp#27;[39m &amp#27;[90m270 ms - 14&amp#27;[39m
&amp#27;[38;5;0m[HTTP]&amp#27;[0m &amp#27;[90m&amp#27;[39m
&amp#27;[38;5;0m[HTTP]&amp#27;[0m &amp#27;[37m-->&amp#27;[39m &amp#27;[37mGET&amp#27;[39m &amp#27;[37m/session/4dc2423a-f977-4a4c-ad30-4397f1d60259/context&amp#27;[39m
&amp#27;[38;5;0m[HTTP]&amp#27;[0m &amp#27;[90m{}&amp#27;[39m
&amp#27;[38;5;32m[AndroidUiautomator2Driver@09ca (4dc2423a)]&amp#27;[0m Calling AppiumDriver.getCurrentContext() with args: ["4dc2423a-f977-4a4c-ad30-4397f1d60259"]
&amp#27;[38;5;32m[AndroidUiautomator2Driver@09ca (4dc2423a)]&amp#27;[0m Responding to client with driver.getCurrentContext() result: "NATIVE_APP"
&amp#27;[38;5;0m[HTTP]&amp#27;[0m &amp#27;[37m<-- GET /session/4dc2423a-f977-4a4c-ad30-4397f1d60259/context &amp#27;[39m&amp#27;[32m200&amp#27;[39m &amp#27;[90m2 ms - 22&amp#27;[39m
&amp#27;[38;5;0m[HTTP]&amp#27;[0m &amp#27;[90m&amp#27;[39m
&amp#27;[38;5;0m[HTTP]&amp#27;[0m &amp#27;[37m-->&amp#27;[39m &amp#27;[37mPOST&amp#27;[39m &amp#27;[37m/session/4dc2423a-f977-4a4c-ad30-4397f1d60259/elements&amp#27;[39m
&amp#27;[38;5;0m[HTTP]&amp#27;[0m &amp#27;[90m{"value":"//android.widget.TextView[@text='ADD TO CART']","using":"xpath"}&amp#27;[39m
&amp#27;[38;5;32m[AndroidUiautomator2Driver@09ca (4dc2423a)]&amp#27;[0m Calling AppiumDriver.findElements() with args: ["xpath","//android.widget.TextView[@text='ADD TO CART']","4dc2423a-f977-4a4c-ad30-4397f1d60259"]
&amp#27;[38;5;32m[AndroidUiautomator2Driver@09ca (4dc2423a)]&amp#27;[0m Valid locator strategies for this request: xpath, id, class name, accessibility id, css selector, -android uiautomator
&amp#27;[38;5;32m[AndroidUiautomator2Driver@09ca (4dc2423a)]&amp#27;[0m Waiting up to 0 ms for condition
&amp#27;[38;5;32m[AndroidUiautomator2Driver@09ca (4dc2423a)]&amp#27;[0m Matched '/elements' to command name 'findElements'
&amp#27;[38;5;32m[AndroidUiautomator2Driver@09ca (4dc2423a)]&amp#27;[0m Proxying [POST /elements] to [POST http://127.0.0.1:8200/session/c86a70d2-6799-4336-8a1b-d17723f7b880/elements] with body: {"strategy":"xpath","selector":"//android.widget.TextView[@text='ADD TO CART']","context":"","multiple":true}
&amp#27;[38;5;32m[AndroidUiautomator2Driver@09ca (4dc2423a)]&amp#27;[0m Got response with status 200: {"sessionId":"c86a70d2-6799-4336-8a1b-d17723f7b880","value":[{"ELEMENT":"00000000-0000-000f-ffff-ffff00000059","element-6066-11e4-a52e-4f735466cecf":"00000000-0000-000f-ffff-ffff00000059"}]}
&amp#27;[38;5;32m[AndroidUiautomator2Driver@09ca (4dc2423a)]&amp#27;[0m Responding to client with driver.findElements() result: [{"element-6066-11e4-a52e-4f735466cecf":"00000000-0000-000f-ffff-ffff00000059","ELEMENT":"00000000-0000-000f-ffff-ffff00000059"}]
&amp#27;[38;5;0m[HTTP]&amp#27;[0m &amp#27;[37m<-- POST /session/4dc2423a-f977-4a4c-ad30-4397f1d60259/elements &amp#27;[39m&amp#27;[32m200&amp#27;[39m &amp#27;[90m441 ms - 139&amp#27;[39m
&amp#27;[38;5;0m[HTTP]&amp#27;[0m &amp#27;[90m&amp#27;[39m
&amp#27;[38;5;0m[HTTP]&amp#27;[0m &amp#27;[37m-->&amp#27;[39m &amp#27;[37mPOST&amp#27;[39m &amp#27;[37m/session/4dc2423a-f977-4a4c-ad30-4397f1d60259/element/00000000-0000-000f-ffff-ffff00000059/click&amp#27;[39m
&amp#27;[38;5;0m[HTTP]&amp#27;[0m &amp#27;[90m{"id":"00000000-0000-000f-ffff-ffff00000059"}&amp#27;[39m
&amp#27;[38;5;32m[AndroidUiautomator2Driver@09ca (4dc2423a)]&amp#27;[0m Calling AppiumDriver.click() with args: ["00000000-0000-000f-ffff-ffff00000059","4dc2423a-f977-4a4c-ad30-4397f1d60259"]
&amp#27;[38;5;32m[AndroidUiautomator2Driver@09ca (4dc2423a)]&amp#27;[0m Matched '/element/00000000-0000-000f-ffff-ffff00000059/click' to command name 'click'
&amp#27;[38;5;32m[AndroidUiautomator2Driver@09ca (4dc2423a)]&amp#27;[0m Proxying [POST /element/00000000-0000-000f-ffff-ffff00000059/click] to [POST http://127.0.0.1:8200/session/c86a70d2-6799-4336-8a1b-d17723f7b880/element/00000000-0000-000f-ffff-ffff00000059/click] with body: {"element":"00000000-0000-000f-ffff-ffff00000059"}
&amp#27;[38;5;32m[AndroidUiautomator2Driver@09ca (4dc2423a)]&amp#27;[0m Got response with status 200: {"sessionId":"c86a70d2-6799-4336-8a1b-d17723f7b880","value":null}
&amp#27;[38;5;32m[AndroidUiautomator2Driver@09ca (4dc2423a)]&amp#27;[0m Responding to client with driver.click() result: null
&amp#27;[38;5;0m[HTTP]&amp#27;[0m &amp#27;[37m<-- POST /session/4dc2423a-f977-4a4c-ad30-4397f1d60259/element/00000000-0000-000f-ffff-ffff00000059/click &amp#27;[39m&amp#27;[32m200&amp#27;[39m &amp#27;[90m126 ms - 14&amp#27;[39m
&amp#27;[38;5;0m[HTTP]&amp#27;[0m &amp#27;[90m&amp#27;[39m
&amp#27;[38;5;0m[HTTP]&amp#27;[0m &amp#27;[37m-->&amp#27;[39m &amp#27;[37mGET&amp#27;[39m &amp#27;[37m/session/4dc2423a-f977-4a4c-ad30-4397f1d60259/context&amp#27;[39m
&amp#27;[38;5;0m[HTTP]&amp#27;[0m &amp#27;[90m{}&amp#27;[39m
&amp#27;[38;5;32m[AndroidUiautomator2Driver@09ca (4dc2423a)]&amp#27;[0m Calling AppiumDriver.getCurrentContext() with args: ["4dc2423a-f977-4a4c-ad30-4397f1d60259"]
&amp#27;[38;5;32m[AndroidUiautomator2Driver@09ca (4dc2423a)]&amp#27;[0m Responding to client with driver.getCurrentContext() result: "NATIVE_APP"
&amp#27;[38;5;0m[HTTP]&amp#27;[0m &amp#27;[37m<-- GET /session/4dc2423a-f977-4a4c-ad30-4397f1d60259/context &amp#27;[39m&amp#27;[32m200&amp#27;[39m &amp#27;[90m4 ms - 22&amp#27;[39m
&amp#27;[38;5;0m[HTTP]&amp#27;[0m &amp#27;[90m&amp#27;[39m
&amp#27;[38;5;0m[HTTP]&amp#27;[0m &amp#27;[37m-->&amp#27;[39m &amp#27;[37mPOST&amp#27;[39m &amp#27;[37m/session/4dc2423a-f977-4a4c-ad30-4397f1d60259/element&amp#27;[39m
&amp#27;[38;5;0m[HTTP]&amp#27;[0m &amp#27;[90m{"value":"com.androidsample.generalstore:id/appbar_btn_cart","using":"id"}&amp#27;[39m
&amp#27;[38;5;32m[AndroidUiautomator2Driver@09ca (4dc2423a)]&amp#27;[0m Calling AppiumDriver.findElement() with args: ["id","com.androidsample.generalstore:id/appbar_btn_cart","4dc2423a-f977-4a4c-ad30-4397f1d60259"]
&amp#27;[38;5;32m[AndroidUiautomator2Driver@09ca (4dc2423a)]&amp#27;[0m Valid locator strategies for this request: xpath, id, class name, accessibility id, css selector, -android uiautomator
&amp#27;[38;5;32m[AndroidUiautomator2Driver@09ca (4dc2423a)]&amp#27;[0m Waiting up to 0 ms for condition
&amp#27;[38;5;32m[AndroidUiautomator2Driver@09ca (4dc2423a)]&amp#27;[0m Matched '/element' to command name 'findElement'
&amp#27;[38;5;32m[AndroidUiautomator2Driver@09ca (4dc2423a)]&amp#27;[0m Proxying [POST /element] to [POST http://127.0.0.1:8200/session/c86a70d2-6799-4336-8a1b-d17723f7b880/element] with body: {"strategy":"id","selector":"com.androidsample.generalstore:id/appbar_btn_cart","context":"","multiple":false}
&amp#27;[38;5;32m[AndroidUiautomator2Driver@09ca (4dc2423a)]&amp#27;[0m Got response with status 200: {"sessionId":"c86a70d2-6799-4336-8a1b-d17723f7b880","value":{"ELEMENT":"00000000-0000-000f-ffff-ffff00000044","element-6066-11e4-a52e-4f735466cecf":"00000000-0000-000f-ffff-ffff00000044"}}
&amp#27;[38;5;32m[AndroidUiautomator2Driver@09ca (4dc2423a)]&amp#27;[0m Responding to client with driver.findElement() result: {"element-6066-11e4-a52e-4f735466cecf":"00000000-0000-000f-ffff-ffff00000044","ELEMENT":"00000000-0000-000f-ffff-ffff00000044"}
&amp#27;[38;5;0m[HTTP]&amp#27;[0m &amp#27;[37m<-- POST /session/4dc2423a-f977-4a4c-ad30-4397f1d60259/element &amp#27;[39m&amp#27;[32m200&amp#27;[39m &amp#27;[90m472 ms - 137&amp#27;[39m
&amp#27;[38;5;0m[HTTP]&amp#27;[0m &amp#27;[90m&amp#27;[39m
&amp#27;[38;5;0m[HTTP]&amp#27;[0m &amp#27;[37m-->&amp#27;[39m &amp#27;[37mPOST&amp#27;[39m &amp#27;[37m/session/4dc2423a-f977-4a4c-ad30-4397f1d60259/element/00000000-0000-000f-ffff-ffff00000044/click&amp#27;[39m
&amp#27;[38;5;0m[HTTP]&amp#27;[0m &amp#27;[90m{"id":"00000000-0000-000f-ffff-ffff00000044"}&amp#27;[39m
&amp#27;[38;5;32m[AndroidUiautomator2Driver@09ca (4dc2423a)]&amp#27;[0m Calling AppiumDriver.click() with args: ["00000000-0000-000f-ffff-ffff00000044","4dc2423a-f977-4a4c-ad30-4397f1d60259"]
&amp#27;[38;5;32m[AndroidUiautomator2Driver@09ca (4dc2423a)]&amp#27;[0m Matched '/element/00000000-0000-000f-ffff-ffff00000044/click' to command name 'click'
&amp#27;[38;5;32m[AndroidUiautomator2Driver@09ca (4dc2423a)]&amp#27;[0m Proxying [POST /element/00000000-0000-000f-ffff-ffff00000044/click] to [POST http://127.0.0.1:8200/session/c86a70d2-6799-4336-8a1b-d17723f7b880/element/00000000-0000-000f-ffff-ffff00000044/click] with body: {"element":"00000000-0000-000f-ffff-ffff00000044"}
&amp#27;[38;5;32m[AndroidUiautomator2Driver@09ca (4dc2423a)]&amp#27;[0m Got response with status 200: {"sessionId":"c86a70d2-6799-4336-8a1b-d17723f7b880","value":null}
&amp#27;[38;5;32m[AndroidUiautomator2Driver@09ca (4dc2423a)]&amp#27;[0m Responding to client with driver.click() result: null
&amp#27;[38;5;0m[HTTP]&amp#27;[0m &amp#27;[37m<-- POST /session/4dc2423a-f977-4a4c-ad30-4397f1d60259/element/00000000-0000-000f-ffff-ffff00000044/click &amp#27;[39m&amp#27;[32m200&amp#27;[39m &amp#27;[90m102 ms - 14&amp#27;[39m
&amp#27;[38;5;0m[HTTP]&amp#27;[0m &amp#27;[90m&amp#27;[39m
&amp#27;[38;5;0m[HTTP]&amp#27;[0m &amp#27;[37m-->&amp#27;[39m &amp#27;[37mGET&amp#27;[39m &amp#27;[37m/session/4dc2423a-f977-4a4c-ad30-4397f1d60259/context&amp#27;[39m
&amp#27;[38;5;0m[HTTP]&amp#27;[0m &amp#27;[90m{}&amp#27;[39m
&amp#27;[38;5;32m[AndroidUiautomator2Driver@09ca (4dc2423a)]&amp#27;[0m Calling AppiumDriver.getCurrentContext() with args: ["4dc2423a-f977-4a4c-ad30-4397f1d60259"]
&amp#27;[38;5;32m[AndroidUiautomator2Driver@09ca (4dc2423a)]&amp#27;[0m Responding to client with driver.getCurrentContext() result: "NATIVE_APP"
&amp#27;[38;5;0m[HTTP]&amp#27;[0m &amp#27;[37m<-- GET /session/4dc2423a-f977-4a4c-ad30-4397f1d60259/context &amp#27;[39m&amp#27;[32m200&amp#27;[39m &amp#27;[90m26 ms - 22&amp#27;[39m
&amp#27;[38;5;0m[HTTP]&amp#27;[0m &amp#27;[90m&amp#27;[39m
&amp#27;[38;5;0m[HTTP]&amp#27;[0m &amp#27;[37m-->&amp#27;[39m &amp#27;[37mPOST&amp#27;[39m &amp#27;[37m/session/4dc2423a-f977-4a4c-ad30-4397f1d60259/elements&amp#27;[39m
&amp#27;[38;5;0m[HTTP]&amp#27;[0m &amp#27;[90m{"value":"com.androidsample.generalstore:id/productPrice","using":"id"}&amp#27;[39m
&amp#27;[38;5;32m[AndroidUiautomator2Driver@09ca (4dc2423a)]&amp#27;[0m Calling AppiumDriver.findElements() with args: ["id","com.androidsample.generalstore:id/productPrice","4dc2423a-f977-4a4c-ad30-4397f1d60259"]
&amp#27;[38;5;32m[AndroidUiautomator2Driver@09ca (4dc2423a)]&amp#27;[0m Valid locator strategies for this request: xpath, id, class name, accessibility id, css selector, -android uiautomator
&amp#27;[38;5;32m[AndroidUiautomator2Driver@09ca (4dc2423a)]&amp#27;[0m Waiting up to 0 ms for condition
&amp#27;[38;5;32m[AndroidUiautomator2Driver@09ca (4dc2423a)]&amp#27;[0m Matched '/elements' to command name 'findElements'
&amp#27;[38;5;32m[AndroidUiautomator2Driver@09ca (4dc2423a)]&amp#27;[0m Proxying [POST /elements] to [POST http://127.0.0.1:8200/session/c86a70d2-6799-4336-8a1b-d17723f7b880/elements] with body: {"strategy":"id","selector":"com.androidsample.generalstore:id/productPrice","context":"","multiple":true}
&amp#27;[38;5;32m[AndroidUiautomator2Driver@09ca (4dc2423a)]&amp#27;[0m Got response with status 200: {"sessionId":"c86a70d2-6799-4336-8a1b-d17723f7b880","value":[{"ELEMENT":"00000000-0000-0010-ffff-ffff00000086","element-6066-11e4-a52e-4f735466cecf":"00000000-0000-0010-ffff-ffff00000086"},{"ELEMENT":"00000000-0000-0010-ffff-ffff0000008e","element-6066-11e4-a52e-4f735466cecf":"00000000-0000-0010-ffff-ffff0000008e"}]}
&amp#27;[38;5;32m[AndroidUiautomator2Driver@09ca (4dc2423a)]&amp#27;[0m Responding to client with driver.findElements() result: [{"element-6066-11e4-a52e-4f735466cecf":"00000000-0000-0010-ffff-ffff00000086","ELEMENT":"00000000-0000-0010-ffff-ffff00000086"},{"element-6066-11e4-a52e-4f735466cecf":"00000000-0000-0010-ffff-ffff0000008e","ELEMENT":"00000000-0000-0010-ffff-ffff0000008e"}]
&amp#27;[38;5;0m[HTTP]&amp#27;[0m &amp#27;[37m<-- POST /session/4dc2423a-f977-4a4c-ad30-4397f1d60259/elements &amp#27;[39m&amp#27;[32m200&amp#27;[39m &amp#27;[90m1918 ms - 267&amp#27;[39m
&amp#27;[38;5;0m[HTTP]&amp#27;[0m &amp#27;[90m&amp#27;[39m
&amp#27;[38;5;0m[HTTP]&amp#27;[0m &amp#27;[37m-->&amp#27;[39m &amp#27;[37mGET&amp#27;[39m &amp#27;[37m/session/4dc2423a-f977-4a4c-ad30-4397f1d60259/context&amp#27;[39m
&amp#27;[38;5;0m[HTTP]&amp#27;[0m &amp#27;[90m{}&amp#27;[39m
&amp#27;[38;5;32m[AndroidUiautomator2Driver@09ca (4dc2423a)]&amp#27;[0m Calling AppiumDriver.getCurrentContext() with args: ["4dc2423a-f977-4a4c-ad30-4397f1d60259"]
&amp#27;[38;5;32m[AndroidUiautomator2Driver@09ca (4dc2423a)]&amp#27;[0m Responding to client with driver.getCurrentContext() result: "NATIVE_APP"
&amp#27;[38;5;0m[HTTP]&amp#27;[0m &amp#27;[37m<-- GET /session/4dc2423a-f977-4a4c-ad30-4397f1d60259/context &amp#27;[39m&amp#27;[32m200&amp#27;[39m &amp#27;[90m2 ms - 22&amp#27;[39m
&amp#27;[38;5;0m[HTTP]&amp#27;[0m &amp#27;[90m&amp#27;[39m
&amp#27;[38;5;0m[HTTP]&amp#27;[0m &amp#27;[37m-->&amp#27;[39m &amp#27;[37mPOST&amp#27;[39m &amp#27;[37m/session/4dc2423a-f977-4a4c-ad30-4397f1d60259/elements&amp#27;[39m
&amp#27;[38;5;0m[HTTP]&amp#27;[0m &amp#27;[90m{"value":"com.androidsample.generalstore:id/productPrice","using":"id"}&amp#27;[39m
&amp#27;[38;5;32m[AndroidUiautomator2Driver@09ca (4dc2423a)]&amp#27;[0m Calling AppiumDriver.findElements() with args: ["id","com.androidsample.generalstore:id/productPrice","4dc2423a-f977-4a4c-ad30-4397f1d60259"]
&amp#27;[38;5;32m[AndroidUiautomator2Driver@09ca (4dc2423a)]&amp#27;[0m Valid locator strategies for this request: xpath, id, class name, accessibility id, css selector, -android uiautomator
&amp#27;[38;5;32m[AndroidUiautomator2Driver@09ca (4dc2423a)]&amp#27;[0m Waiting up to 0 ms for condition
&amp#27;[38;5;32m[AndroidUiautomator2Driver@09ca (4dc2423a)]&amp#27;[0m Matched '/elements' to command name 'findElements'
[...]
&amp#27;[38;5;32m[AndroidUiautomator2Driver@09ca (4dc2423a)]&amp#27;[0m Responding to client with driver.findElement() result: {"element-6066-11e4-a52e-4f735466cecf":"00000000-0000-0010-ffff-ffff0000007a","ELEMENT":"00000000-0000-0010-ffff-ffff0000007a"}
&amp#27;[38;5;0m[HTTP]&amp#27;[0m &amp#27;[37m<-- POST /session/4dc2423a-f977-4a4c-ad30-4397f1d60259/element &amp#27;[39m&amp#27;[32m200&amp#27;[39m &amp#27;[90m222 ms - 137&amp#27;[39m
&amp#27;[38;5;0m[HTTP]&amp#27;[0m &amp#27;[90m&amp#27;[39m
&amp#27;[38;5;0m[HTTP]&amp#27;[0m &amp#27;[37m-->&amp#27;[39m &amp#27;[37mGET&amp#27;[39m &amp#27;[37m/session/4dc2423a-f977-4a4c-ad30-4397f1d60259/element/00000000-0000-0010-ffff-ffff0000007a/text&amp#27;[39m
&amp#27;[38;5;0m[HTTP]&amp#27;[0m &amp#27;[90m{}&amp#27;[39m
&amp#27;[38;5;32m[AndroidUiautomator2Driver@09ca (4dc2423a)]&amp#27;[0m Driver proxy active, passing request on via HTTP proxy
&amp#27;[38;5;32m[AndroidUiautomator2Driver@09ca (4dc2423a)]&amp#27;[0m Matched '/session/4dc2423a-f977-4a4c-ad30-4397f1d60259/element/00000000-0000-0010-ffff-ffff0000007a/text' to command name 'getText'
&amp#27;[38;5;32m[AndroidUiautomator2Driver@09ca (4dc2423a)]&amp#27;[0m Proxying [GET /session/4dc2423a-f977-4a4c-ad30-4397f1d60259/element/00000000-0000-0010-ffff-ffff0000007a/text] to [GET http://127.0.0.1:8200/session/c86a70d2-6799-4336-8a1b-d17723f7b880/element/00000000-0000-0010-ffff-ffff0000007a/text] with no body
&amp#27;[38;5;32m[AndroidUiautomator2Driver@09ca (4dc2423a)]&amp#27;[0m Got response with status 200: {"sessionId":"c86a70d2-6799-4336-8a1b-d17723f7b880","value":"$ 280.97"}
&amp#27;[38;5;32m[AndroidUiautomator2Driver@09ca (4dc2423a)]&amp#27;[0m Replacing sessionId c86a70d2-6799-4336-8a1b-d17723f7b880 with 4dc2423a-f977-4a4c-ad30-4397f1d60259
&amp#27;[38;5;0m[HTTP]&amp#27;[0m &amp#27;[37m<-- GET /session/4dc2423a-f977-4a4c-ad30-4397f1d60259/element/00000000-0000-0010-ffff-ffff0000007a/text &amp#27;[39m&amp#27;[32m200&amp#27;[39m &amp#27;[90m110 ms - 71&amp#27;[39m
&amp#27;[38;5;0m[HTTP]&amp#27;[0m &amp#27;[90m&amp#27;[39m
&amp#27;[38;5;0m[HTTP]&amp#27;[0m &amp#27;[37m-->&amp#27;[39m &amp#27;[37mGET&amp#27;[39m &amp#27;[37m/session/4dc2423a-f977-4a4c-ad30-4397f1d60259/context&amp#27;[39m
&amp#27;[38;5;0m[HTTP]&amp#27;[0m &amp#27;[90m{}&amp#27;[39m
&amp#27;[38;5;32m[AndroidUiautomator2Driver@09ca (4dc2423a)]&amp#27;[0m Calling AppiumDriver.getCurrentContext() with args: ["4dc2423a-f977-4a4c-ad30-4397f1d60259"]
&amp#27;[38;5;32m[AndroidUiautomator2Driver@09ca (4dc2423a)]&amp#27;[0m Responding to client with driver.getCurrentContext() result: "NATIVE_APP"
&amp#27;[38;5;0m[HTTP]&amp#27;[0m &amp#27;[37m<-- GET /session/4dc2423a-f977-4a4c-ad30-4397f1d60259/context &amp#27;[39m&amp#27;[32m200&amp#27;[39m &amp#27;[90m2 ms - 22&amp#27;[39m
&amp#27;[38;5;0m[HTTP]&amp#27;[0m &amp#27;[90m&amp#27;[39m
&amp#27;[38;5;0m[HTTP]&amp#27;[0m &amp#27;[37m-->&amp#27;[39m &amp#27;[37mPOST&amp#27;[39m &amp#27;[37m/session/4dc2423a-f977-4a4c-ad30-4397f1d60259/element&amp#27;[39m
&amp#27;[38;5;0m[HTTP]&amp#27;[0m &amp#27;[90m{"value":"com.androidsample.generalstore:id/termsButton","using":"id"}&amp#27;[39m
&amp#27;[38;5;32m[AndroidUiautomator2Driver@09ca (4dc2423a)]&amp#27;[0m Calling AppiumDriver.findElement() with args: ["id","com.androidsample.generalstore:id/termsButton","4dc2423a-f977-4a4c-ad30-4397f1d60259"]
&amp#27;[38;5;32m[AndroidUiautomator2Driver@09ca (4dc2423a)]&amp#27;[0m Valid locator strategies for this request: xpath, id, class name, accessibility id, css selector, -android uiautomator
&amp#27;[38;5;32m[AndroidUiautomator2Driver@09ca (4dc2423a)]&amp#27;[0m Waiting up to 0 ms for condition
&amp#27;[38;5;32m[AndroidUiautomator2Driver@09ca (4dc2423a)]&amp#27;[0m Matched '/element' to command name 'findElement'
&amp#27;[38;5;32m[AndroidUiautomator2Driver@09ca (4dc2423a)]&amp#27;[0m Proxying [POST /element] to [POST http://127.0.0.1:8200/session/c86a70d2-6799-4336-8a1b-d17723f7b880/element] with body: {"strategy":"id","selector":"com.androidsample.generalstore:id/termsButton","context":"","multiple":false}
&amp#27;[38;5;32m[AndroidUiautomator2Driver@09ca (4dc2423a)]&amp#27;[0m Got response with status 200: {"sessionId":"c86a70d2-6799-4336-8a1b-d17723f7b880","value":{"ELEMENT":"00000000-0000-0010-ffff-ffff0000007d","element-6066-11e4-a52e-4f735466cecf":"00000000-0000-0010-ffff-ffff0000007d"}}
&amp#27;[38;5;32m[AndroidUiautomator2Driver@09ca (4dc2423a)]&amp#27;[0m Responding to client with driver.findElement() result: {"element-6066-11e4-a52e-4f735466cecf":"00000000-0000-0010-ffff-ffff0000007d","ELEMENT":"00000000-0000-0010-ffff-ffff0000007d"}
&amp#27;[38;5;0m[HTTP]&amp#27;[0m &amp#27;[37m<-- POST /session/4dc2423a-f977-4a4c-ad30-4397f1d60259/element &amp#27;[39m&amp#27;[32m200&amp#27;[39m &amp#27;[90m96 ms - 137&amp#27;[39m
&amp#27;[38;5;0m[HTTP]&amp#27;[0m &amp#27;[90m&amp#27;[39m
&amp#27;[38;5;0m[HTTP]&amp#27;[0m &amp#27;[37m-->&amp#27;[39m &amp#27;[37mPOST&amp#27;[39m &amp#27;[37m/session/4dc2423a-f977-4a4c-ad30-4397f1d60259/execute/sync&amp#27;[39m
&amp#27;[38;5;0m[HTTP]&amp#27;[0m &amp#27;[90m{"args":[{"elementId":"00000000-0000-0010-ffff-ffff0000007d","duration":3000}],"script":"mobile: longClickGesture"}&amp#27;[39m
&amp#27;[38;5;32m[AndroidUiautomator2Driver@09ca (4dc2423a)]&amp#27;[0m Calling AppiumDriver.execute() with args: ["mobile: longClickGesture",[{"elementId":"00000000-0000-0010-ffff-ffff0000007d","duration":3000}],"4dc2423a-f977-4a4c-ad30-4397f1d60259"]
&amp#27;[38;5;32m[AndroidUiautomator2Driver@09ca (4dc2423a)]&amp#27;[0m Executing native command 'mobile: longClickGesture'
&amp#27;[38;5;32m[AndroidUiautomator2Driver@09ca (4dc2423a)]&amp#27;[0m Proxying [POST /appium/gestures/long_click] to [POST http://127.0.0.1:8200/session/c86a70d2-6799-4336-8a1b-d17723f7b880/appium/gestures/long_click] with body: {"origin":{"ELEMENT":"00000000-0000-0010-ffff-ffff0000007d","element-6066-11e4-a52e-4f735466cecf":"00000000-0000-0010-ffff-ffff0000007d"},"duration":3000}
&amp#27;[38;5;32m[AndroidUiautomator2Driver@09ca (4dc2423a)]&amp#27;[0m Got response with status 200: {"sessionId":"c86a70d2-6799-4336-8a1b-d17723f7b880","value":null}
&amp#27;[38;5;32m[AndroidUiautomator2Driver@09ca (4dc2423a)]&amp#27;[0m Responding to client with driver.execute() result: null
&amp#27;[38;5;0m[HTTP]&amp#27;[0m &amp#27;[37m<-- POST /session/4dc2423a-f977-4a4c-ad30-4397f1d60259/execute/sync &amp#27;[39m&amp#27;[32m200&amp#27;[39m &amp#27;[90m6412 ms - 14&amp#27;[39m
&amp#27;[38;5;0m[HTTP]&amp#27;[0m &amp#27;[90m&amp#27;[39m
&amp#27;[38;5;0m[HTTP]&amp#27;[0m &amp#27;[37m-->&amp#27;[39m &amp#27;[37mGET&amp#27;[39m &amp#27;[37m/session/4dc2423a-f977-4a4c-ad30-4397f1d60259/context&amp#27;[39m
&amp#27;[38;5;0m[HTTP]&amp#27;[0m &amp#27;[90m{}&amp#27;[39m
&amp#27;[38;5;32m[AndroidUiautomator2Driver@09ca (4dc2423a)]&amp#27;[0m Calling AppiumDriver.getCurrentContext() with args: ["4dc2423a-f977-4a4c-ad30-4397f1d60259"]
&amp#27;[38;5;32m[AndroidUiautomator2Driver@09ca (4dc2423a)]&amp#27;[0m Responding to client with driver.getCurrentContext() result: "NATIVE_APP"
&amp#27;[38;5;0m[HTTP]&amp#27;[0m &amp#27;[37m<-- GET /session/4dc2423a-f977-4a4c-ad30-4397f1d60259/context &amp#27;[39m&amp#27;[32m200&amp#27;[39m &amp#27;[90m2 ms - 22&amp#27;[39m
&amp#27;[38;5;0m[HTTP]&amp#27;[0m &amp#27;[90m&amp#27;[39m
&amp#27;[38;5;0m[HTTP]&amp#27;[0m &amp#27;[37m-->&amp#27;[39m &amp#27;[37mPOST&amp#27;[39m &amp#27;[37m/session/4dc2423a-f977-4a4c-ad30-4397f1d60259/element&amp#27;[39m
&amp#27;[38;5;0m[HTTP]&amp#27;[0m &amp#27;[90m{"value":"android:id/button1","using":"id"}&amp#27;[39m
&amp#27;[38;5;32m[AndroidUiautomator2Driver@09ca (4dc2423a)]&amp#27;[0m Calling AppiumDriver.findElement() with args: ["id","android:id/button1","4dc2423a-f977-4a4c-ad30-4397f1d60259"]
&amp#27;[38;5;32m[AndroidUiautomator2Driver@09ca (4dc2423a)]&amp#27;[0m Valid locator strategies for this request: xpath, id, class name, accessibility id, css selector, -android uiautomator
&amp#27;[38;5;32m[AndroidUiautomator2Driver@09ca (4dc2423a)]&amp#27;[0m Waiting up to 0 ms for condition
&amp#27;[38;5;32m[AndroidUiautomator2Driver@09ca (4dc2423a)]&amp#27;[0m Matched '/element' to command name 'findElement'
&amp#27;[38;5;32m[AndroidUiautomator2Driver@09ca (4dc2423a)]&amp#27;[0m Proxying [POST /element] to [POST http://127.0.0.1:8200/session/c86a70d2-6799-4336-8a1b-d17723f7b880/element] with body: {"strategy":"id","selector":"android:id/button1","context":"","multiple":false}
&amp#27;[38;5;32m[AndroidUiautomator2Driver@09ca (4dc2423a)]&amp#27;[0m Got response with status 200: {"sessionId":"c86a70d2-6799-4336-8a1b-d17723f7b880","value":{"ELEMENT":"00000000-0000-0011-ffff-ffff000000a9","element-6066-11e4-a52e-4f735466cecf":"00000000-0000-0011-ffff-ffff000000a9"}}
&amp#27;[38;5;32m[AndroidUiautomator2Driver@09ca (4dc2423a)]&amp#27;[0m Responding to client with driver.findElement() result: {"element-6066-11e4-a52e-4f735466cecf":"00000000-0000-0011-ffff-ffff000000a9","ELEMENT":"00000000-0000-0011-ffff-ffff000000a9"}
&amp#27;[38;5;0m[HTTP]&amp#27;[0m &amp#27;[37m<-- POST /session/4dc2423a-f977-4a4c-ad30-4397f1d60259/element &amp#27;[39m&amp#27;[32m200&amp#27;[39m &amp#27;[90m47 ms - 137&amp#27;[39m
&amp#27;[38;5;0m[HTTP]&amp#27;[0m &amp#27;[90m&amp#27;[39m
&amp#27;[38;5;0m[HTTP]&amp#27;[0m &amp#27;[37m-->&amp#27;[39m &amp#27;[37mPOST&amp#27;[39m &amp#27;[37m/session/4dc2423a-f977-4a4c-ad30-4397f1d60259/element/00000000-0000-0011-ffff-ffff000000a9/click&amp#27;[39m
&amp#27;[38;5;0m[HTTP]&amp#27;[0m &amp#27;[90m{"id":"00000000-0000-0011-ffff-ffff000000a9"}&amp#27;[39m
&amp#27;[38;5;32m[AndroidUiautomator2Driver@09ca (4dc2423a)]&amp#27;[0m Calling AppiumDriver.click() with args: ["00000000-0000-0011-ffff-ffff000000a9","4dc2423a-f977-4a4c-ad30-4397f1d60259"]
&amp#27;[38;5;32m[AndroidUiautomator2Driver@09ca (4dc2423a)]&amp#27;[0m Matched '/element/00000000-0000-0011-ffff-ffff000000a9/click' to command name 'click'
&amp#27;[38;5;32m[AndroidUiautomator2Driver@09ca (4dc2423a)]&amp#27;[0m Proxying [POST /element/00000000-0000-0011-ffff-ffff000000a9/click] to [POST http://127.0.0.1:8200/session/c86a70d2-6799-4336-8a1b-d17723f7b880/element/00000000-0000-0011-ffff-ffff000000a9/click] with body: {"element":"00000000-0000-0011-ffff-ffff000000a9"}
&amp#27;[38;5;32m[AndroidUiautomator2Driver@09ca (4dc2423a)]&amp#27;[0m Got response with status 200: {"sessionId":"c86a70d2-6799-4336-8a1b-d17723f7b880","value":null}
&amp#27;[38;5;32m[AndroidUiautomator2Driver@09ca (4dc2423a)]&amp#27;[0m Responding to client with driver.click() result: null
&amp#27;[38;5;0m[HTTP]&amp#27;[0m &amp#27;[37m<-- POST /session/4dc2423a-f977-4a4c-ad30-4397f1d60259/element/00000000-0000-0011-ffff-ffff000000a9/click &amp#27;[39m&amp#27;[32m200&amp#27;[39m &amp#27;[90m96 ms - 14&amp#27;[39m
&amp#27;[38;5;0m[HTTP]&amp#27;[0m &amp#27;[90m&amp#27;[39m
&amp#27;[38;5;0m[HTTP]&amp#27;[0m &amp#27;[37m-->&amp#27;[39m &amp#27;[37mGET&amp#27;[39m &amp#27;[37m/session/4dc2423a-f977-4a4c-ad30-4397f1d60259/context&amp#27;[39m
&amp#27;[38;5;0m[HTTP]&amp#27;[0m &amp#27;[90m{}&amp#27;[39m
&amp#27;[38;5;32m[AndroidUiautomator2Driver@09ca (4dc2423a)]&amp#27;[0m Calling AppiumDriver.getCurrentContext() with args: ["4dc2423a-f977-4a4c-ad30-4397f1d60259"]
&amp#27;[38;5;32m[AndroidUiautomator2Driver@09ca (4dc2423a)]&amp#27;[0m Responding to client with driver.getCurrentContext() result: "NATIVE_APP"
&amp#27;[38;5;0m[HTTP]&amp#27;[0m &amp#27;[37m<-- GET /session/4dc2423a-f977-4a4c-ad30-4397f1d60259/context &amp#27;[39m&amp#27;[32m200&amp#27;[39m &amp#27;[90m2 ms - 22&amp#27;[39m
&amp#27;[38;5;0m[HTTP]&amp#27;[0m &amp#27;[90m&amp#27;[39m
&amp#27;[38;5;0m[HTTP]&amp#27;[0m &amp#27;[37m-->&amp#27;[39m &amp#27;[37mPOST&amp#27;[39m &amp#27;[37m/session/4dc2423a-f977-4a4c-ad30-4397f1d60259/element&amp#27;[39m
&amp#27;[38;5;0m[HTTP]&amp#27;[0m &amp#27;[90m{"value":"android.widget.CheckBox","using":"class name"}&amp#27;[39m
&amp#27;[38;5;32m[AndroidUiautomator2Driver@09ca (4dc2423a)]&amp#27;[0m Calling AppiumDriver.findElement() with args: ["class name","android.widget.CheckBox","4dc2423a-f977-4a4c-ad30-4397f1d60259"]
&amp#27;[38;5;32m[AndroidUiautomator2Driver@09ca (4dc2423a)]&amp#27;[0m Valid locator strategies for this request: xpath, id, class name, accessibility id, css selector, -android uiautomator
&amp#27;[38;5;32m[AndroidUiautomator2Driver@09ca (4dc2423a)]&amp#27;[0m Waiting up to 0 ms for condition
&amp#27;[38;5;32m[AndroidUiautomator2Driver@09ca (4dc2423a)]&amp#27;[0m Matched '/element' to command name 'findElement'
&amp#27;[38;5;32m[AndroidUiautomator2Driver@09ca (4dc2423a)]&amp#27;[0m Proxying [POST /element] to [POST http://127.0.0.1:8200/session/c86a70d2-6799-4336-8a1b-d17723f7b880/element] with body: {"strategy":"class name","selector":"android.widget.CheckBox","context":"","multiple":false}
&amp#27;[38;5;32m[AndroidUiautomator2Driver@09ca (4dc2423a)]&amp#27;[0m Got response with status 200: {"sessionId":"c86a70d2-6799-4336-8a1b-d17723f7b880","value":{"ELEMENT":"00000000-0000-0010-ffff-ffff0000007b","element-6066-11e4-a52e-4f735466cecf":"00000000-0000-0010-ffff-ffff0000007b"}}
&amp#27;[38;5;32m[AndroidUiautomator2Driver@09ca (4dc2423a)]&amp#27;[0m Responding to client with driver.findElement() result: {"element-6066-11e4-a52e-4f735466cecf":"00000000-0000-0010-ffff-ffff0000007b","ELEMENT":"00000000-0000-0010-ffff-ffff0000007b"}
&amp#27;[38;5;0m[HTTP]&amp#27;[0m &amp#27;[37m<-- POST /session/4dc2423a-f977-4a4c-ad30-4397f1d60259/element &amp#27;[39m&amp#27;[32m200&amp#27;[39m &amp#27;[90m639 ms - 137&amp#27;[39m
&amp#27;[38;5;0m[HTTP]&amp#27;[0m &amp#27;[90m&amp#27;[39m
&amp#27;[38;5;0m[HTTP]&amp#27;[0m &amp#27;[37m-->&amp#27;[39m &amp#27;[37mPOST&amp#27;[39m &amp#27;[37m/session/4dc2423a-f977-4a4c-ad30-4397f1d60259/element/00000000-0000-0010-ffff-ffff0000007b/click&amp#27;[39m
&amp#27;[38;5;0m[HTTP]&amp#27;[0m &amp#27;[90m{"id":"00000000-0000-0010-ffff-ffff0000007b"}&amp#27;[39m
&amp#27;[38;5;32m[AndroidUiautomator2Driver@09ca (4dc2423a)]&amp#27;[0m Calling AppiumDriver.click() with args: ["00000000-0000-0010-ffff-ffff0000007b","4dc2423a-f977-4a4c-ad30-4397f1d60259"]
&amp#27;[38;5;32m[AndroidUiautomator2Driver@09ca (4dc2423a)]&amp#27;[0m Matched '/element/00000000-0000-0010-ffff-ffff0000007b/click' to command name 'click'
&amp#27;[38;5;32m[AndroidUiautomator2Driver@09ca (4dc2423a)]&amp#27;[0m Proxying [POST /element/00000000-0000-0010-ffff-ffff0000007b/click] to [POST http://127.0.0.1:8200/session/c86a70d2-6799-4336-8a1b-d17723f7b880/element/00000000-0000-0010-ffff-ffff0000007b/click] with body: {"element":"00000000-0000-0010-ffff-ffff0000007b"}
&amp#27;[38;5;32m[AndroidUiautomator2Driver@09ca (4dc2423a)]&amp#27;[0m Got response with status 200: {"sessionId":"c86a70d2-6799-4336-8a1b-d17723f7b880","value":null}
&amp#27;[38;5;32m[AndroidUiautomator2Driver@09ca (4dc2423a)]&amp#27;[0m Responding to client with driver.click() result: null
&amp#27;[38;5;0m[HTTP]&amp#27;[0m &amp#27;[37m<-- POST /session/4dc2423a-f977-4a4c-ad30-4397f1d60259/element/00000000-0000-0010-ffff-ffff0000007b/click &amp#27;[39m&amp#27;[32m200&amp#27;[39m &amp#27;[90m313 ms - 14&amp#27;[39m
&amp#27;[38;5;0m[HTTP]&amp#27;[0m &amp#27;[90m&amp#27;[39m
&amp#27;[38;5;0m[HTTP]&amp#27;[0m &amp#27;[37m-->&amp#27;[39m &amp#27;[37mGET&amp#27;[39m &amp#27;[37m/session/4dc2423a-f977-4a4c-ad30-4397f1d60259/context&amp#27;[39m
&amp#27;[38;5;0m[HTTP]&amp#27;[0m &amp#27;[90m{}&amp#27;[39m
&amp#27;[38;5;32m[AndroidUiautomator2Driver@09ca (4dc2423a)]&amp#27;[0m Calling AppiumDriver.getCurrentContext() with args: ["4dc2423a-f977-4a4c-ad30-4397f1d60259"]
&amp#27;[38;5;32m[AndroidUiautomator2Driver@09ca (4dc2423a)]&amp#27;[0m Responding to client with driver.getCurrentContext() result: "NATIVE_APP"
&amp#27;[38;5;0m[HTTP]&amp#27;[0m &amp#27;[37m<-- GET /session/4dc2423a-f977-4a4c-ad30-4397f1d60259/context &amp#27;[39m&amp#27;[32m200&amp#27;[39m &amp#27;[90m3 ms - 22&amp#27;[39m
&amp#27;[38;5;0m[HTTP]&amp#27;[0m &amp#27;[90m&amp#27;[39m
&amp#27;[38;5;0m[HTTP]&amp#27;[0m &amp#27;[37m-->&amp#27;[39m &amp#27;[37mPOST&amp#27;[39m &amp#27;[37m/session/4dc2423a-f977-4a4c-ad30-4397f1d60259/element&amp#27;[39m
&amp#27;[38;5;0m[HTTP]&amp#27;[0m &amp#27;[90m{"value":"com.androidsample.generalstore:id/btnProceed","using":"id"}&amp#27;[39m
&amp#27;[38;5;32m[AndroidUiautomator2Driver@09ca (4dc2423a)]&amp#27;[0m Calling AppiumDriver.findElement() with args: ["id","com.androidsample.generalstore:id/btnProceed","4dc2423a-f977-4a4c-ad30-4397f1d60259"]
&amp#27;[38;5;32m[AndroidUiautomator2Driver@09ca (4dc2423a)]&amp#27;[0m Valid locator strategies for this request: xpath, id, class name, accessibility id, css selector, -android uiautomator
&amp#27;[38;5;32m[AndroidUiautomator2Driver@09ca (4dc2423a)]&amp#27;[0m Waiting up to 0 ms for condition
&amp#27;[38;5;32m[AndroidUiautomator2Driver@09ca (4dc2423a)]&amp#27;[0m Matched '/element' to command name 'findElement'
&amp#27;[38;5;32m[AndroidUiautomator2Driver@09ca (4dc2423a)]&amp#27;[0m Proxying [POST /element] to [POST http://127.0.0.1:8200/session/c86a70d2-6799-4336-8a1b-d17723f7b880/element] with body: {"strategy":"id","selector":"com.androidsample.generalstore:id/btnProceed","context":"","multiple":false}
&amp#27;[38;5;32m[AndroidUiautomator2Driver@09ca (4dc2423a)]&amp#27;[0m Got response with status 200: {"sessionId":"c86a70d2-6799-4336-8a1b-d17723f7b880","value":{"ELEMENT":"00000000-0000-0010-ffff-ffff0000007c","element-6066-11e4-a52e-4f735466cecf":"00000000-0000-0010-ffff-ffff0000007c"}}
&amp#27;[38;5;32m[AndroidUiautomator2Driver@09ca (4dc2423a)]&amp#27;[0m Responding to client with driver.findElement() result: {"element-6066-11e4-a52e-4f735466cecf":"00000000-0000-0010-ffff-ffff0000007c","ELEMENT":"00000000-0000-0010-ffff-ffff0000007c"}
&amp#27;[38;5;0m[HTTP]&amp#27;[0m &amp#27;[37m<-- POST /session/4dc2423a-f977-4a4c-ad30-4397f1d60259/element &amp#27;[39m&amp#27;[32m200&amp#27;[39m &amp#27;[90m461 ms - 137&amp#27;[39m
&amp#27;[38;5;0m[HTTP]&amp#27;[0m &amp#27;[90m&amp#27;[39m
&amp#27;[38;5;0m[HTTP]&amp#27;[0m &amp#27;[37m-->&amp#27;[39m &amp#27;[37mPOST&amp#27;[39m &amp#27;[37m/session/4dc2423a-f977-4a4c-ad30-4397f1d60259/element/00000000-0000-0010-ffff-ffff0000007c/click&amp#27;[39m
&amp#27;[38;5;0m[HTTP]&amp#27;[0m &amp#27;[90m{"id":"00000000-0000-0010-ffff-ffff0000007c"}&amp#27;[39m
&amp#27;[38;5;32m[AndroidUiautomator2Driver@09ca (4dc2423a)]&amp#27;[0m Calling AppiumDriver.click() with args: ["00000000-0000-0010-ffff-ffff0000007c","4dc2423a-f977-4a4c-ad30-4397f1d60259"]
&amp#27;[38;5;32m[AndroidUiautomator2Driver@09ca (4dc2423a)]&amp#27;[0m Matched '/element/00000000-0000-0010-ffff-ffff0000007c/click' to command name 'click'
&amp#27;[38;5;32m[AndroidUiautomator2Driver@09ca (4dc2423a)]&amp#27;[0m Proxying [POST /element/00000000-0000-0010-ffff-ffff0000007c/click] to [POST http://127.0.0.1:8200/session/c86a70d2-6799-4336-8a1b-d17723f7b880/element/00000000-0000-0010-ffff-ffff0000007c/click] with body: {"element":"00000000-0000-0010-ffff-ffff0000007c"}
&amp#27;[38;5;32m[AndroidUiautomator2Driver@09ca (4dc2423a)]&amp#27;[0m Got response with status 200: {"sessionId":"c86a70d2-6799-4336-8a1b-d17723f7b880","value":null}
&amp#27;[38;5;32m[AndroidUiautomator2Driver@09ca (4dc2423a)]&amp#27;[0m Responding to client with driver.click() result: null
&amp#27;[38;5;0m[HTTP]&amp#27;[0m &amp#27;[37m<-- POST /session/4dc2423a-f977-4a4c-ad30-4397f1d60259/element/00000000-0000-0010-ffff-ffff0000007c/click &amp#27;[39m&amp#27;[32m200&amp#27;[39m &amp#27;[90m324 ms - 14&amp#27;[39m
&amp#27;[38;5;0m[HTTP]&amp#27;[0m &amp#27;[90m&amp#27;[39m
]]></system-out>
    <system-err><![CDATA[SLF4J(W): No SLF4J providers were found.
SLF4J(W): Defaulting to no-operation (NOP) logger implementation
SLF4J(W): See https://www.slf4j.org/codes.html#noProviders for further details.
]]></system-err>
  </testcase>
</testsuite>